

   ****************************************************************************
   *************** DALTON2011 - An electronic structure program ***************
   ****************************************************************************

    This is output from DALTON Release 2011 (DEVELOPMENT VERSION)
   ----------------------------------------------------------------------------
    NOTE:
     
    DALTON is an experimental code for the evaluation of molecular
    properties using (MC)SCF, DFT, CI, and CC wave functions.
    The authors accept no responsibility for the performance of
    the code or for the correctness of the results.
     
    The code (in whole or part) is provided under a licence and
    is not to be reproduced for further distribution without
    the written permission of the authors or their representatives.
     
    See the home page "http://daltonprogram.org" for further information.
     
    If results obtained with this code are published,
    an appropriate citation would be:
     
    "Dalton, a molecular electronic structure program,
    Release Dalton2011 (2011), see http://daltonprogram.org"
   ----------------------------------------------------------------------------

    Authors in alphabetical order (major contribution(s) in parenthesis):

  Celestino Angeli,         University of Ferrara,        Italy       (NEVPT2)
  Keld L. Bak,              UNI-C,                        Denmark     (AOSOPPA, non-adiabatic coupling, magnetic properties)
  Vebjoern Bakken,          University of Oslo,           Norway      (DALTON; geometry optimizer, symmetry detection)
  Ove Christiansen,         Aarhus University,            Denmark     (CC module)
  Renzo Cimiraglia,         University of Ferrara,        Italy       (NEVPT2)
  Sonia Coriani,            University of Trieste,        Italy       (CC module, MCD in RESPONS)
  Paal Dahle,               University of Oslo,           Norway      (Parallelization)
  Erik K. Dalskov,          UNI-C,                        Denmark     (SOPPA)
  Thomas Enevoldsen,        SDU - Odense University,      Denmark     (SOPPA)
  Berta Fernandez,          U. of Santiago de Compostela, Spain       (doublet spin, ESR in RESPONS)
  Lara Ferrighi,            Aarhus University,            Denmark     (PCM Cubic response)
  Heike Fliegl,             University of Helsinki,       Finland     (CCSD(R12))
  Luca Frediani,            University of Tromsoe,        Norway      (PCM)
  Bin Gao,                  University of Tromsoe,        Norway      (Gen1Int module)
  Christof Haettig,         Ruhr University Bochum,       Germany     (CC module)
  Kasper Hald,              Aarhus University,            Denmark     (CC module)
  Asger Halkier,            Aarhus University,            Denmark     (CC module)
  Hanne Heiberg,            University of Oslo,           Norway      (geometry analysis, selected one-electron integrals)
  Trygve Helgaker,          University of Oslo,           Norway      (DALTON; ABACUS, ERI, DFT modules, London, and much more)
  Hinne Hettema,            University of Auckland,       New Zealand (quadratic response in RESPONS; SIRIUS supersymmetry)
  Brano Jansik              University of Aarhus          Denmark     (DFT cubic response)
  Hans Joergen Aa. Jensen,  Univ. of Southern Denmark,    Denmark     (DALTON; SIRIUS, RESPONS, ABACUS modules, London, and much more)
  Dan Jonsson,              University of Tromsoe,        Norway      (cubic response in RESPONS module)
  Poul Joergensen,          Aarhus University,            Denmark     (RESPONS, ABACUS, and CC modules)
  Sheela Kirpekar,          SDU - Odense University,      Denmark     (Mass-velocity & Darwin integrals)
  Wim Klopper,              University of Karlsruhe,      Germany     (R12 code in CC, SIRIUS, and ABACUS modules)
  Stefan Knecht,            Univ. of Southern Denmark,    Denmark     (Parallel CI)
  Rika Kobayashi,           ANU Supercomputer Facility,   Australia   (DIIS in CC, London in MCSCF)
  Jacob Kongsted,           Univ. of Southern Denmark,    Denmark     (QM/MM code)
  Henrik Koch,              University of Trondheim,      Norway      (CC module, Cholesky decomposition)
  Andrea Ligabue,           University of Modena,         Italy       (CTOCD, AOSOPPA)
  Ola B. Lutnaes,           University of Oslo,           Norway      (DFT Hessian)
  Juan I. Melo,             University of Buenos Aires,   Argentina   (LRESC, Relativistic Effects on NMR Shieldings)
  Kurt V. Mikkelsen,        University of Copenhagen,     Denmark     (MC-SCRF and QM/MM code)
  Christian Neiss,          Univ. Erlangen-Nuernberg,     Germany     (CCSD(R12))
  Christian B. Nielsen,     University of Copenhagen,     Denmark     (QM/MM code)
  Patrick Norman,           University of Linkoeping,     Sweden      (cubic response and complex response in RESPONS)
  Jeppe Olsen,              Aarhus University,            Denmark     (SIRIUS CI/density modules)
  Anders Osted,             Copenhagen University,        Denmark     (QM/MM code)
  Martin J. Packer,         University of Sheffield,      UK          (SOPPA)
  Filip Pawlowski,          Kazimierz Wielki University   Poland      (CC3)
  Thomas B. Pedersen,       University of Oslo,           Norway      (Cholesky decomposition)
  Patricio F. Provasi,      University of Northeastern,   Argentina   (Analysis of coupling constants in localized orbitals)
  Zilvinas Rinkevicius,     KTH Stockholm,                Sweden      (open-shell DFT, ESR)
  Elias Rudberg,            KTH Stockholm,                Sweden      (DFT grid and basis info)
  Torgeir A. Ruden,         University of Oslo,           Norway      (Numerical derivatives in ABACUS)
  Kenneth Ruud,             University of Tromsoe,        Norway      (DALTON; ABACUS magnetic properties and  much more)
  Pawel Salek,              KTH Stockholm,                Sweden      (DALTON; DFT code)
  Claire C.M. Samson        University of Karlsruhe       Germany     (Boys localization, r12 integrals in ERI)
  Alfredo Sanchez de Meras, University of Valencia,       Spain       (CC module, Cholesky decomposition)
  Trond Saue,               CNRS/ULP Toulouse,            France      (direct Fock matrix construction)
  Stephan P. A. Sauer,      University of Copenhagen,     Denmark     (SOPPA(CCSD), SOPPA prop., AOSOPPA, vibrational g-factors)
  Bernd Schimmelpfennig,    Forschungszentrum Karlsruhe,  Germany     (AMFI module)
  Arnfinn H. Steindal,      University of Tromsoe,        Norway      (parallel QM/MM)
  K. O. Sylvester-Hvid,     University of Copenhagen,     Denmark     (MC-SCRF)
  Peter R. Taylor,          VLSCI/Univ. of Melbourne,     Australia   (Symmetry handling ABACUS, integral transformation)
  David P. Tew,             University of Bristol,        England     (CCSD(R12))
  Olav Vahtras,             KTH Stockholm,                Sweden      (triplet response, spin-orbit, ESR, TDDFT, open-shell DFT)
  David J. Wilson,          La Trobe University,          Australia   (DFT Hessian and DFT magnetizabilities)
  Hans Agren,               KTH Stockholm,                Sweden      (SIRIUS module, MC-SCRF solvation model)
 --------------------------------------------------------------------------------

     Date and time (Linux)  : Sat Apr  6 11:36:55 2013 
     Host name              : node108                                 

 * Work memory size             :    64000000 =  488.28 megabytes.

 * Directories for basis set searches:
   1) /plx/userexternal/scoriani/Jobs/paolo/Uracile_dalton_3
   2) /plx/userexternal/scoriani/source/dalton-repo/build/basis

 * Parallel with MPI: Using    8 CPUs.


   Content of the .dal input file
 ----------------------------------

**DALTON INPUT                                    
.RUN PROPERTIES                                   
.PARALLEL                                         
**WAVE FUNCTIONS                                  
.DFT                                              
 B3LYP                                            
**PROPERTIES                                      
.EXCITA                                           
*EXCITA                                           
.DIPSTR                                           
.NEXCIT                                           
8                                                 
**END OF DALTON INPUT                             


   Content of the .mol file
 ----------------------------

BASIS                                                                          
cc-pVTZ                                                                        
 UV di Uracile con Dalton utilizzando geometria                                
 di B3LYP_cc-pVTZ_S0_gas.log calcolata con Gauss                               
Atomtypes=6 Angstrom Nosymm                                                    
Charge=7.0 Atoms=1                                                             
N         -1.13754       -1.02299        0.00000                               
Charge=6.0 Atoms=1                                                             
C         -1.23129        0.36330        0.00000                               
Charge=7.0 Atoms=1                                                             
N          0.00000        0.98690        0.00000                               
Charge=6.0 Atoms=3                                                             
C          1.27491        0.39048        0.00000                               
C          1.23610       -1.06434        0.00000                               
C          0.05367       -1.70201        0.00000                               
Charge=8.0 Atoms=2                                                             
O         -2.29149        0.94804        0.00000                               
O          2.27368        1.07964        0.00000                               
Charge=1.0 Atoms=4                                                             
H         -2.01694       -1.51150        0.00000                               
H         -0.02110        1.99658        0.00000                               
H          2.17040       -1.59912        0.00000                               
H         -0.02737       -2.77934        0.00000                               


       *******************************************************************
       *********** Output from DALTON general input processing ***********
       *******************************************************************

 --------------------------------------------------------------------------------
   Overall default print level:    0
   Print level for DALTON.STAT:    1

    Parallel calculation using MPI
    AO-direct calculation (in sections where implemented)
    HERMIT 1- and 2-electron integral sections will be executed
    "Old" integral transformation used (limited to max 255 basis functions)
    Wave function sections will be executed (SIRIUS module)
    Static molecular property section will be executed (ABACUS module)
 --------------------------------------------------------------------------------


   ****************************************************************************
   *************** Output of molecule and basis set information ***************
   ****************************************************************************


    The two title cards from your ".mol" input:
    ------------------------------------------------------------------------
 1:  UV di Uracile con Dalton utilizzando geometria                         
 2:  di B3LYP_cc-pVTZ_S0_gas.log calcolata con Gauss                        
    ------------------------------------------------------------------------

  Coordinates are entered in Angstrom and converted to atomic units.
          - Conversion factor : 1 bohr = 0.52917721 A

  Atomic type no.    1
  --------------------
  Nuclear charge:   7.00000
  Number of symmetry independent centers:    1
  Number of basis sets to read;    2
  Basis set file used for this atomic type with Z =   7 :
     "/plx/userexternal/scoriani/source/dalton-repo/build/basis/cc-pVTZ"

  Atomic type no.    2
  --------------------
  Nuclear charge:   6.00000
  Number of symmetry independent centers:    1
  Number of basis sets to read;    2
  Basis set file used for this atomic type with Z =   6 :
     "/plx/userexternal/scoriani/source/dalton-repo/build/basis/cc-pVTZ"

  Atomic type no.    3
  --------------------
  Nuclear charge:   7.00000
  Number of symmetry independent centers:    1
  Number of basis sets to read;    2
  Basis set file used for this atomic type with Z =   7 :
     "/plx/userexternal/scoriani/source/dalton-repo/build/basis/cc-pVTZ"

  Atomic type no.    4
  --------------------
  Nuclear charge:   6.00000
  Number of symmetry independent centers:    3
  Number of basis sets to read;    2
  Basis set file used for this atomic type with Z =   6 :
     "/plx/userexternal/scoriani/source/dalton-repo/build/basis/cc-pVTZ"

  Atomic type no.    5
  --------------------
  Nuclear charge:   8.00000
  Number of symmetry independent centers:    2
  Number of basis sets to read;    2
  Basis set file used for this atomic type with Z =   8 :
     "/plx/userexternal/scoriani/source/dalton-repo/build/basis/cc-pVTZ"

  Atomic type no.    6
  --------------------
  Nuclear charge:   1.00000
  Number of symmetry independent centers:    4
  Number of basis sets to read;    2
  Basis set file used for this atomic type with Z =   1 :
     "/plx/userexternal/scoriani/source/dalton-repo/build/basis/cc-pVTZ"


                         SYMGRP: Point group information
                         -------------------------------

Point group: C1 


                                 Isotopic Masses
                                 ---------------

                           N          14.003074
                           C          12.000000
                           N          14.003074
                           C          12.000000
                           C          12.000000
                           C          12.000000
                           O          15.994915
                           O          15.994915
                           H           1.007825
                           H           1.007825
                           H           1.007825
                           H           1.007825

                       Total mass:   112.027278 amu
                       Natural abundance:  94.453 %

 Center-of-mass coordinates (a.u.):   -0.001812    0.064986    0.000000


  Atoms and basis sets
  --------------------

  Number of atom types :    6
  Total number of atoms:   12

  Basis set used is "cc-pVTZ" from the basis set library.

  label    atoms   charge   prim   cont     basis
  ----------------------------------------------------------------------
  N           1    7.0000    42    30      [10s5p2d1f|4s3p2d1f]                               
  C           1    6.0000    42    30      [10s5p2d1f|4s3p2d1f]                               
  N           1    7.0000    42    30      [10s5p2d1f|4s3p2d1f]                               
  C           3    6.0000    42    30      [10s5p2d1f|4s3p2d1f]                               
  O           2    8.0000    42    30      [10s5p2d1f|4s3p2d1f]                               
  H           4    1.0000    16    14      [5s2p1d|3s2p1d]                                    
  ----------------------------------------------------------------------
  total:     12   58.0000   400   296
  ----------------------------------------------------------------------
  Spherical harmonic basis used.

  Threshold for neglecting AO integrals:  1.00D-12


  Cartesian Coordinates (a.u.)
  ----------------------------

  Total number of coordinates:   36
  N       :     1  x  -2.1496390562    2  y  -1.9331709286    3  z   0.0000000000
  C       :     4  x  -2.3268008804    5  y   0.6865375012    6  z   0.0000000000
  N       :     7  x   0.0000000000    8  y   1.8649707128    9  z   0.0000000000
  C       :    10  x   2.4092307340   11  y   0.7379002573   12  z   0.0000000000
  C       :    13  x   2.3358904631   14  y  -2.0113111039   15  z   0.0000000000
  C       :    16  x   0.1014216011   17  y  -3.2163327620   18  z   0.0000000000
  O       :    19  x  -4.3302885182   20  y   1.7915359555   21  z   0.0000000000
  O       :    22  x   4.2966324959   23  y   2.0402239136   24  z   0.0000000000
  H       :    25  x  -3.8114642105   26  y  -2.8563210379   27  z   0.0000000000
  H       :    28  x  -0.0398732212   29  y   3.7729893866   30  z   0.0000000000
  H       :    31  x   4.1014615817   32  y  -3.0218988410   33  z   0.0000000000
  H       :    34  x  -0.0517218040   35  y  -5.2521914082   36  z   0.0000000000


   Interatomic separations (in Angstrom):
   --------------------------------------

            N           C           N           C           C           C     
            ------      ------      ------      ------      ------      ------
 N     :    0.000000
 C     :    1.389456    0.000000
 N     :    2.309471    1.380200    0.000000
 C     :    2.796035    2.506347    1.407520    0.000000
 C     :    2.374000    2.850644    2.394896    1.455338    0.000000
 C     :    1.371149    2.432412    2.689446    2.422796    1.343415    0.000000
 O     :    2.283979    1.210762    2.291819    3.609721    4.061227    3.538720
 O     :    4.007178    3.577423    2.275571    1.213459    2.381853    3.558935
 H     :    1.005975    2.032762    3.210927    3.801816    3.283629    2.079356
 H     :    3.219354    2.032772    1.009900    2.063783    3.309046    3.699346
 H     :    3.357736    3.927160    3.376112    2.181836    1.076525    2.119229
 H     :    2.077798    3.365354    3.766339    3.426907    2.130160    1.080374

            O           O           H           H           H           H     
            ------      ------      ------      ------      ------      ------
 O     :    0.000000
 O     :    4.567066    0.000000
 H     :    2.474816    5.012327    0.000000
 H     :    2.500821    2.471193    4.036088    0.000000
 H     :    5.137751    2.680750    4.188257    4.210906    0.000000
 H     :    4.361147    4.492945    2.359196    4.775924    2.494617    0.000000


  Max    interatomic separation is    5.1378 Angstrom (    9.7089 Bohr)
  between atoms   11 and    7, "H     " and "O     ".

  Min HX interatomic separation is    1.0060 Angstrom (    1.9010 Bohr)

  Min YX interatomic separation is    1.2108 Angstrom (    2.2880 Bohr)


  Bond distances (Angstrom):
  --------------------------

                  atom 1     atom 2       distance
                  ------     ------       --------
  bond distance:  C          N            1.389456
  bond distance:  N          C            1.380200
  bond distance:  C          N            1.407520
  bond distance:  C          C            1.455338
  bond distance:  C          N            1.371149
  bond distance:  C          C            1.343415
  bond distance:  O          C            1.210762
  bond distance:  O          C            1.213459
  bond distance:  H          N            1.005975
  bond distance:  H          N            1.009900
  bond distance:  H          C            1.076525
  bond distance:  H          C            1.080374


  Bond angles (degrees):
  ----------------------

                  atom 1     atom 2     atom 3         angle
                  ------     ------     ------         -----
  bond angle:     C          N          C            123.553
  bond angle:     C          N          H            115.184
  bond angle:     C          N          H            121.263
  bond angle:     N          C          N            112.992
  bond angle:     N          C          O            122.747
  bond angle:     N          C          O            124.261
  bond angle:     C          N          C            128.069
  bond angle:     C          N          H            115.663
  bond angle:     C          N          H            116.268
  bond angle:     N          C          C            113.543
  bond angle:     N          C          O            120.323
  bond angle:     C          C          O            126.134
  bond angle:     C          C          C            119.866
  bond angle:     C          C          H            118.258
  bond angle:     C          C          H            121.876
  bond angle:     N          C          C            121.978
  bond angle:     N          C          H            115.382
  bond angle:     C          C          H            122.639




 Principal moments of inertia (u*A**2) and principal axes
 --------------------------------------------------------

   IA     129.489255          0.999406    0.034465    0.000000
   IB     249.854684         -0.034465    0.999406    0.000000
   IC     379.343939          0.000000    0.000000    1.000000


 Rotational constants
 --------------------

 The molecule is planar.

               A                   B                   C

           3902.8644           2022.6917           1332.2448 MHz
            0.130186            0.067470            0.044439 cm-1


@  Nuclear repulsion energy :  357.099211771740 Hartree


                     .---------------------------------------.
                     | Starting in Integral Section (HERMIT) |
                     `---------------------------------------'



    *************************************************************************
    ****************** Output from HERMIT input processing ******************
    *************************************************************************



     ************************************************************************
     ************************** Output from HERINT **************************
     ************************************************************************

 >>>  Time used in ONEDRV     is   0.22 seconds
 >>>  Time used in HUCKEL     is   0.11 seconds
 >>>  Time used in QUADRUP    is   0.13 seconds
 >>>  Time used in KINENE     is   0.11 seconds
 >>>  Time used in GABGEN     is   0.46 seconds
 >>>> Total CPU  time used in HERMIT:   1.22 seconds
 >>>> Total wall time used in HERMIT:   1.25 seconds


                        .----------------------------------.
                        | End of Integral Section (HERMIT) |
                        `----------------------------------'



                   .--------------------------------------------.
                   | Starting in Wave Function Section (SIRIUS) |
                   `--------------------------------------------'


 *** Output from Huckel module :

     Using EWMO model:          T
     Using EHT  model:          F
     Number of Huckel orbitals each symmetry:   44

 EWMO - Energy Weighted Maximum Overlap - is a Huckel type method,
        which normally is better than Extended Huckel Theory.
 Reference: Linderberg and Ohrn, Propagators in Quantum Chemistry (Wiley, 1973)

 Huckel EWMO eigenvalues for symmetry :  1
          -20.684934     -20.684664     -15.676929     -15.674141     -11.359856
          -11.354811     -11.352954     -11.346722      -2.044667      -1.730966
           -1.624623      -1.391011      -1.287538      -1.036694      -0.888838
           -0.869049      -0.839399      -0.711513      -0.708193      -0.667297
           -0.610992      -0.608013      -0.583687      -0.564106      -0.504252
           -0.492632      -0.468420      -0.447765      -0.422543      -0.273657
           -0.247287      -0.199396      -0.183610      -0.172657      -0.159985
           -0.152643      -0.141819      -0.134993      -0.126012      -0.124091
           -0.114147      -0.112896      -0.094852      -0.081750

 **********************************************************************
 *SIRIUS* a direct, restricted step, second order MCSCF program       *
 **********************************************************************

 
     Date and time (Linux)  : Sat Apr  6 11:36:58 2013 
     Host name              : node108                                 

 Title lines from ".mol" input file:
      UV di Uracile con Dalton utilizzando geometria                         
      di B3LYP_cc-pVTZ_S0_gas.log calcolata con Gauss                        

 Print level on unit LUPRI =   2 is   0
 Print level on unit LUW4  =   2 is   5

@    Restricted, closed shell Kohn-Sham DFT calculation.
 Fock matrices are calculated directly and in parallel without use of integrals on disk.

 Initial molecular orbitals are obtained according to
 ".MOSTART EWMO  " input option

     Wave function specification
     ============================
     For the wave function of type :      >>> KS-DFT   <<<
     Number of closed shell electrons          58
     Number of electrons in active shells       0
     Total charge of the molecule               0

     Spin multiplicity and 2 M_S                1         0
     Total number of symmetries                 1
     Reference state symmetry                   1
 
     This is a DFT calculation of type: B3LYP
 Weighted mixed functional:
               HF exchange:    0.20000
                       VWN:    0.19000
                       LYP:    0.81000
                     Becke:    0.72000
                    Slater:    0.80000

     Orbital specifications
     ======================
     Abelian symmetry species          All |    1
                                       --- |  ---
     Occupied SCF orbitals              29 |   29
     Secondary orbitals                267 |  267
     Total number of orbitals          296 |  296
     Number of basis functions         296 |  296

     Optimization information
     ========================
@    Number of configurations                 1
@    Number of orbital rotations           7743
     ------------------------------------------
@    Total number of variables             7744

     Maximum number of Fock   iterations      0
     Maximum number of DIIS   iterations     60
     Maximum number of QC-SCF iterations     60
     Threshold for SCF convergence     1.00D-05
 
     This is a DFT calculation of type: B3LYP
 Weighted mixed functional:
               HF exchange:    0.20000
                       VWN:    0.19000
                       LYP:    0.81000
                     Becke:    0.72000
                    Slater:    0.80000

    INFORMATION: Switched to "new" integral transformation (from 1988 ;-) )
    because more than 255 basis functions.


 >>>>> DIIS optimization of Hartree-Fock <<<<<

 C1-DIIS algorithm; max error vectors =   10

 Iter      Total energy        Error norm    Delta(E)  DIIS dim.
 -----------------------------------------------------------------------------
   1  Screening settings (-IFTHRS, DIFDEN)   -8    F
      K-S energy, electrons, error :    -43.300126894468  58.0000335052    3.35D-05
   1    -412.966894348        5.67336D+00   -4.13D+02    1
      Virial theorem: -V/T =      2.002914
@      MULPOP N       0.40; C       0.70; N       0.42; C       0.65; C       0.29; C       0.23; O      -1.15; O      -1.20; H      -0.00; H      -0.01; 
@             H      -0.16; H      -0.17; 
 -----------------------------------------------------------------------------
   2  Screening settings (-IFTHRS, DIFDEN)   -9    F
      K-S energy, electrons, error :    -44.166761956235  57.9999868510   -1.31D-05
   2    -404.189460109        1.31045D+01    8.78D+00    2
      Virial theorem: -V/T =      1.972623
@      MULPOP N      -0.58; C      -2.14; N      -0.51; C      -1.64; C      -1.23; C      -1.67; O       2.91; O       3.43; H       0.34; H       0.33; 
@             H       0.37; H       0.39; 
 -----------------------------------------------------------------------------
   3  Screening settings (-IFTHRS, DIFDEN)   -8    F
      K-S energy, electrons, error :    -44.123026682900  58.0000011383    1.14D-06
   3    -414.403480234        2.55152D+00   -1.02D+01    3
      Virial theorem: -V/T =      1.996443
@      MULPOP N       0.23; C       0.09; N       0.14; C       0.03; C       0.10; C       0.22; O      -0.60; O      -0.78; H       0.15; H       0.15; 
@             H       0.13; H       0.15; 
 -----------------------------------------------------------------------------
   4  Screening settings (-IFTHRS, DIFDEN)   -9    F
      K-S energy, electrons, error :    -43.518027680743  58.0000027733    2.77D-06
   4    -414.645666526        1.48714D+00   -2.42D-01    4
      Virial theorem: -V/T =      2.009830
@      MULPOP N      -0.26; C       0.40; N      -0.18; C       0.38; C      -0.20; C      -0.18; O      -0.34; O      -0.15; H       0.16; H       0.12; 
@             H       0.13; H       0.13; 
 -----------------------------------------------------------------------------
   5  Screening settings (-IFTHRS, DIFDEN)   -9    F
      K-S energy, electrons, error :    -43.666538502316  58.0000020261    2.03D-06
   5    -414.746852948        5.17834D-01   -1.01D-01    5
      Virial theorem: -V/T =      2.006504
@      MULPOP N      -0.00; C       0.12; N      -0.08; C       0.21; C      -0.34; C       0.10; O      -0.23; O      -0.36; H       0.15; H       0.17; 
@             H       0.15; H       0.12; 
 -----------------------------------------------------------------------------
   6  Screening settings (-IFTHRS, DIFDEN)  -10    F
      K-S energy, electrons, error :    -43.717176405045  58.0000023282    2.33D-06
   6    -414.759144755        2.25498D-01   -1.23D-02    6
      Virial theorem: -V/T =      2.005418
@      MULPOP N      -0.11; C       0.22; N      -0.09; C       0.20; C      -0.15; C      -0.06; O      -0.35; O      -0.28; H       0.17; H       0.16; 
@             H       0.14; H       0.14; 
 -----------------------------------------------------------------------------
   7  Screening settings (-IFTHRS, DIFDEN)  -10    F
      K-S energy, electrons, error :    -43.707245202378  58.0000023678    2.37D-06
   7    -414.761960327        4.89629D-02   -2.82D-03    7
      Virial theorem: -V/T =      2.005686
@      MULPOP N      -0.09; C       0.21; N      -0.10; C       0.23; C      -0.22; C      -0.01; O      -0.31; O      -0.32; H       0.16; H       0.16; 
@             H       0.14; H       0.14; 
 -----------------------------------------------------------------------------
   8  Screening settings (-IFTHRS, DIFDEN)  -11    F
      K-S energy, electrons, error :    -43.702191063629  58.0000024031    2.40D-06
   8    -414.762057532        2.29592D-02   -9.72D-05    8
      Virial theorem: -V/T =      2.005798
@      MULPOP N      -0.08; C       0.21; N      -0.09; C       0.22; C      -0.21; C      -0.01; O      -0.32; O      -0.31; H       0.16; H       0.16; 
@             H       0.14; H       0.13; 
 -----------------------------------------------------------------------------
   9  Screening settings (-IFTHRS, DIFDEN)  -11    F
      K-S energy, electrons, error :    -43.704765776014  58.0000023782    2.38D-06
   9    -414.762080481        6.25696D-03   -2.29D-05    9
      Virial theorem: -V/T =      2.005742
@      MULPOP N      -0.08; C       0.21; N      -0.09; C       0.23; C      -0.21; C      -0.01; O      -0.32; O      -0.32; H       0.16; H       0.16; 
@             H       0.14; H       0.13; 
 -----------------------------------------------------------------------------
  10  Screening settings (-IFTHRS, DIFDEN)  -12    F
      K-S energy, electrons, error :    -43.705329920754  58.0000023685    2.37D-06
  10    -414.762082358        2.39159D-03   -1.88D-06   10
      Virial theorem: -V/T =      2.005730
@      MULPOP N      -0.08; C       0.21; N      -0.10; C       0.23; C      -0.21; C      -0.01; O      -0.32; O      -0.32; H       0.16; H       0.16; 
@             H       0.14; H       0.13; 
 -----------------------------------------------------------------------------
  11  Screening settings (-IFTHRS, DIFDEN)  -12    F
      K-S energy, electrons, error :    -43.705054857379  58.0000023736    2.37D-06
  11    -414.762082638        4.33685D-04   -2.80D-07   10
      Virial theorem: -V/T =      2.005735
@      MULPOP N      -0.08; C       0.21; N      -0.09; C       0.23; C      -0.21; C      -0.01; O      -0.32; O      -0.32; H       0.16; H       0.16; 
@             H       0.14; H       0.13; 
 -----------------------------------------------------------------------------
  12  Screening settings (-IFTHRS, DIFDEN)  -12    F
      K-S energy, electrons, error :    -43.705006008344  58.0000023738    2.37D-06
  12    -414.762082644        3.16747D-04   -5.95D-09   10
      Virial theorem: -V/T =      2.005736
@      MULPOP N      -0.08; C       0.21; N      -0.09; C       0.23; C      -0.21; C      -0.01; O      -0.32; O      -0.32; H       0.16; H       0.16; 
@             H       0.14; H       0.13; 
 -----------------------------------------------------------------------------
  13  Screening settings (-IFTHRS, DIFDEN)  -12    F
      K-S energy, electrons, error :    -43.705027351116  58.0000023737    2.37D-06
  13    -414.762082649        3.27074D-05   -5.25D-09   10
      Virial theorem: -V/T =      2.005736
@      MULPOP N      -0.08; C       0.21; N      -0.09; C       0.23; C      -0.21; C      -0.01; O      -0.32; O      -0.32; H       0.16; H       0.16; 
@             H       0.14; H       0.13; 
 -----------------------------------------------------------------------------
  14  Screening settings (-IFTHRS, DIFDEN)  -12    F
      K-S energy, electrons, error :    -43.705032017643  58.0000023737    2.37D-06
  14    -414.762082649        1.33178D-05   -5.32D-11   10
      Virial theorem: -V/T =      2.005736
@      MULPOP N      -0.08; C       0.21; N      -0.09; C       0.23; C      -0.21; C      -0.01; O      -0.32; O      -0.32; H       0.16; H       0.16; 
@             H       0.14; H       0.13; 
 -----------------------------------------------------------------------------
  15  Screening settings (-IFTHRS, DIFDEN)  -12    F
      K-S energy, electrons, error :    -43.705031106680  58.0000023737    2.37D-06
  15    -414.762082649        2.68503D-06   -1.67D-11   10

 *** DIIS converged in  15 iterations !
@    Converged SCF energy, gradient:   -414.762082649337    2.69D-06
   - total time used in SIRFCK :              0.00 seconds


 *** SCF orbital energy analysis ***

 Only the five lowest virtual orbital energies printed in each symmetry.

 Number of electrons :   58
 Orbital occupations :   29

 Sym       Kohn-Sham orbital energies

  1    -19.11391297   -19.10725660   -14.39385041   -14.37550459   -10.33014169
       -10.29588888   -10.26126261   -10.19643240    -1.08667338    -1.05197888
        -0.98909049    -0.93499351    -0.80755801    -0.69909815    -0.67098595
        -0.60645911    -0.56782833    -0.52958800    -0.48975695    -0.48054375
        -0.45930281    -0.43134966    -0.42612079    -0.41402474    -0.37862601
        -0.30517772    -0.29586460    -0.27385673    -0.26096669    -0.05208240
         0.00235661     0.01148443     0.05732800     0.06049005

    E(LUMO) :    -0.05208240 au (symmetry 1)
  - E(HOMO) :    -0.26096669 au (symmetry 1)
  ------------------------------------------
    gap     :     0.20888428 au

 >>> Writing SIRIFC interface file <<<

 >>>> CPU and wall time for SCF :     472.835     473.902


                       .-----------------------------------.
                       | >>> Final results from SIRIUS <<< |
                       `-----------------------------------'


@    Spin multiplicity:           1
@    Spatial symmetry:            1
@    Total charge of molecule:    0

@    Final DFT energy:           -414.762082649337                 
@    Nuclear repulsion:           357.099211771740
@    Electronic energy:          -771.861294421077

@    Final gradient norm:           0.000002685035

 
     Date and time (Linux)  : Sat Apr  6 11:44:52 2013 
     Host name              : node108                                 

 (Only coefficients >0.0100 are printed.)

 Molecular orbitals for symmetry species  1
 ------------------------------------------

    Orbital        25       26       27       28       29       30       31
   2 N   :1s     0.0000   0.1252   0.0000  -0.0755  -0.0000  -0.0000   0.0000
   4 N   :1s     0.0000   0.1272   0.0000  -0.0591  -0.0000  -0.0000   0.0000
   5 N   :2px    0.0000  -0.0650   0.0000   0.0082   0.0000  -0.0000   0.0000
   6 N   :2py   -0.0000   0.2340   0.0000  -0.0721  -0.0000   0.0000   0.0000
   7 N   :2pz    0.4551   0.0000  -0.0278  -0.0000   0.5199   0.2800  -0.2750
   9 N   :2py    0.0000  -0.0132   0.0000   0.0018  -0.0000   0.0000   0.0000
  10 N   :2pz   -0.0176  -0.0000   0.0013   0.0000  -0.0229  -0.0205   0.0181
  11 N   :2px    0.0000  -0.0511   0.0000   0.0715  -0.0000  -0.0000  -0.0000
  12 N   :2py    0.0000   0.0245  -0.0000  -0.0287   0.0000  -0.0000   0.0000
  13 N   :2pz    0.0062   0.0000  -0.0045  -0.0000   0.0646   0.1290  -0.0897
  19 N   :3d2-  -0.0000   0.0104   0.0000  -0.0067  -0.0000   0.0000   0.0000
  20 N   :3d1-  -0.0111  -0.0000  -0.0003  -0.0000   0.0069   0.0205   0.0325
  22 N   :3d1+   0.0137   0.0000   0.0017   0.0000  -0.0062  -0.0170  -0.0040
  32 C   :1s    -0.0000   0.0264   0.0000   0.0564  -0.0000   0.0000  -0.0000
  34 C   :1s    -0.0000  -0.0054  -0.0000  -0.0346  -0.0000  -0.0000  -0.0000
  35 C   :2px    0.0000   0.0466  -0.0000   0.0944  -0.0000   0.0000   0.0000
  36 C   :2py    0.0000  -0.0044   0.0000   0.0143   0.0000  -0.0000   0.0000
  37 C   :2pz   -0.2969  -0.0000  -0.0505   0.0000   0.0402   0.1396   0.7371
  38 C   :2px   -0.0000   0.0027  -0.0000  -0.0243   0.0000   0.0000   0.0000
  39 C   :2py    0.0000   0.0213   0.0000  -0.0110  -0.0000  -0.0000   0.0000
  40 C   :2pz    0.0222   0.0000   0.0084   0.0000   0.0031  -0.0042   0.0180
  41 C   :2px   -0.0000   0.0485  -0.0000  -0.1052  -0.0000  -0.0000  -0.0000
  42 C   :2py   -0.0000   0.1208  -0.0000  -0.1085  -0.0000  -0.0000   0.0000
  43 C   :2pz    0.0218  -0.0000  -0.0025   0.0000  -0.0138   0.0271   0.1318
  44 C   :3d2-   0.0000  -0.0140   0.0000   0.0102  -0.0000  -0.0000   0.0000
  45 C   :3d1-  -0.0137  -0.0000  -0.0000   0.0000  -0.0133  -0.0109  -0.0031
  47 C   :3d1+   0.0045   0.0000   0.0208  -0.0000   0.0081  -0.0026   0.0111
  48 C   :3d2+   0.0000  -0.0274  -0.0000   0.0092   0.0000  -0.0000  -0.0000
  49 C   :3d2-  -0.0000  -0.0225   0.0000   0.0126  -0.0000   0.0000   0.0000
  50 C   :3d1-  -0.0250  -0.0000  -0.0011   0.0000  -0.0204  -0.0237  -0.0050
  52 C   :3d1+   0.0084   0.0000   0.0401  -0.0000   0.0121  -0.0022   0.0220
  53 C   :3d2+   0.0000  -0.0416  -0.0000   0.0077   0.0000  -0.0000   0.0000
  62 N   :1s    -0.0000  -0.2033  -0.0000  -0.1054  -0.0000   0.0000  -0.0000
  64 N   :1s    -0.0000  -0.1577   0.0000  -0.0637   0.0000  -0.0000  -0.0000
  65 N   :2px   -0.0000   0.1001   0.0000  -0.3007  -0.0000   0.0000  -0.0000
  66 N   :2py    0.0000   0.1096   0.0000   0.0558   0.0000   0.0000  -0.0000
  67 N   :2pz   -0.2973  -0.0000   0.6660  -0.0000   0.0202  -0.2917  -0.1352
  69 N   :2py    0.0000  -0.0147   0.0000  -0.0058   0.0000  -0.0000   0.0000
  70 N   :2pz    0.0103   0.0000  -0.0273  -0.0000   0.0005   0.0178   0.0052
  71 N   :2px   -0.0000   0.0495  -0.0000  -0.0946  -0.0000  -0.0000  -0.0000
  72 N   :2py   -0.0000  -0.0525   0.0000  -0.0200   0.0000  -0.0000  -0.0000
  73 N   :2pz    0.0016   0.0000   0.0538   0.0000  -0.0070  -0.0866  -0.0337
  77 N   :3d1+   0.0022  -0.0000  -0.0008   0.0000  -0.0003   0.0026  -0.0118
  79 N   :3d2-  -0.0000  -0.0068   0.0000   0.0130   0.0000   0.0000  -0.0000
  80 N   :3d1-   0.0026  -0.0000  -0.0055   0.0000   0.0011  -0.0109  -0.0049
  82 N   :3d1+   0.0067  -0.0000  -0.0018   0.0000  -0.0017   0.0089  -0.0412
  83 N   :3d2+   0.0000   0.0101  -0.0000   0.0013  -0.0000   0.0000  -0.0000
  92 C   :1s     0.0000   0.0822   0.0000   0.0345   0.0000   0.0000  -0.0000
  94 C   :1s    -0.0000   0.0139  -0.0000  -0.0610   0.0000   0.0000  -0.0000
  95 C   :2px    0.0000  -0.1112   0.0000   0.0315   0.0000  -0.0000  -0.0000
  96 C   :2py    0.0000  -0.0508   0.0000  -0.0954  -0.0000   0.0000  -0.0000
  97 C   :2pz   -0.0008   0.0000  -0.0952  -0.0000  -0.0145   0.4149  -0.4750
  98 C   :2px   -0.0000   0.0171  -0.0000  -0.0225   0.0000   0.0000   0.0000
  99 C   :2py   -0.0000   0.0093   0.0000   0.0198   0.0000   0.0000   0.0000
 100 C   :2pz    0.0021   0.0000   0.0098  -0.0000  -0.0109   0.0035  -0.0026
 101 C   :2px    0.0000   0.0668  -0.0000  -0.0986  -0.0000   0.0000  -0.0000
 102 C   :2py    0.0000  -0.0024   0.0000   0.1792   0.0000  -0.0000   0.0000
 103 C   :2pz    0.0019   0.0000   0.0009  -0.0000   0.0362   0.0243  -0.1416
 104 C   :3d2-  -0.0000   0.0014   0.0000   0.0133   0.0000   0.0000   0.0000
 105 C   :3d1-  -0.0054  -0.0000  -0.0020   0.0000   0.0131  -0.0158  -0.0022
 107 C   :3d1+   0.0033  -0.0000  -0.0194   0.0000   0.0071  -0.0030   0.0112
 108 C   :3d2+   0.0000  -0.0136  -0.0000  -0.0280   0.0000   0.0000   0.0000
 110 C   :3d1-  -0.0127  -0.0000  -0.0050   0.0000   0.0259  -0.0283  -0.0149
 112 C   :3d1+   0.0055  -0.0000  -0.0359   0.0000   0.0120  -0.0099   0.0204
 113 C   :3d2+   0.0000  -0.0226   0.0000  -0.0362   0.0000  -0.0000   0.0000
 122 C   :1s    -0.0000   0.0438   0.0000   0.1362  -0.0000   0.0000   0.0000
 124 C   :1s     0.0000   0.0955   0.0000   0.3290  -0.0000  -0.0000   0.0000
 125 C   :2px    0.0000   0.0262   0.0000   0.0457  -0.0000   0.0000   0.0000
 126 C   :2py    0.0000   0.1397   0.0000   0.2548   0.0000   0.0000   0.0000
 127 C   :2pz    0.2857  -0.0000  -0.0205  -0.0000  -0.5744   0.3798   0.3085
 129 C   :2py    0.0000  -0.0136   0.0000  -0.0188   0.0000   0.0000   0.0000
 130 C   :2pz   -0.0152  -0.0000  -0.0002   0.0000   0.0308  -0.0212  -0.0358
 131 C   :2px   -0.0000  -0.0662  -0.0000  -0.0400   0.0000   0.0000  -0.0000
 132 C   :2py    0.0000  -0.0819   0.0000   0.0264  -0.0000  -0.0000   0.0000
 133 C   :2pz   -0.0323  -0.0000  -0.0015  -0.0000  -0.0257   0.1971   0.2129
 135 C   :3d1-  -0.0029   0.0000  -0.0007   0.0000   0.0022   0.0131  -0.0069
 137 C   :3d1+  -0.0068  -0.0000  -0.0007   0.0000   0.0058   0.0121   0.0010
 140 C   :3d1-  -0.0052   0.0000  -0.0006   0.0000   0.0015   0.0398  -0.0247
 141 C   :3d0   -0.0000  -0.0027  -0.0000  -0.0103  -0.0000   0.0000  -0.0000
 142 C   :3d1+  -0.0140   0.0000  -0.0023   0.0000   0.0148   0.0127   0.0032
 152 C   :1s    -0.0000  -0.0683  -0.0000  -0.0345  -0.0000  -0.0000  -0.0000
 154 C   :1s    -0.0000  -0.0844  -0.0000  -0.1568  -0.0000   0.0000  -0.0000
 155 C   :2px   -0.0000   0.0339  -0.0000  -0.1121  -0.0000  -0.0000   0.0000
 156 C   :2py    0.0000  -0.1355  -0.0000  -0.0380   0.0000   0.0000   0.0000
 157 C   :2pz    0.4966   0.0000  -0.0015   0.0000  -0.3264  -0.6671  -0.0601
 159 C   :2py    0.0000   0.0176   0.0000  -0.0057   0.0000   0.0000   0.0000
 160 C   :2pz   -0.0320  -0.0000  -0.0011  -0.0000   0.0135   0.0302   0.0079
 161 C   :2px    0.0000  -0.0846   0.0000   0.0071  -0.0000  -0.0000  -0.0000
 162 C   :2py   -0.0000   0.0235  -0.0000  -0.0698   0.0000   0.0000   0.0000
 163 C   :2pz   -0.0337  -0.0000   0.0152   0.0000   0.0055  -0.2618  -0.0859
 167 C   :3d1+  -0.0028  -0.0000   0.0002  -0.0000  -0.0165   0.0027   0.0121
 169 C   :3d2-   0.0000  -0.0024   0.0000   0.0124   0.0000  -0.0000  -0.0000
 170 C   :3d1-   0.0096  -0.0000   0.0059  -0.0000  -0.0031   0.0157   0.0062
 172 C   :3d1+  -0.0075   0.0000   0.0002  -0.0000  -0.0287   0.0143   0.0276
 173 C   :3d2+  -0.0000  -0.0059   0.0000  -0.0110   0.0000   0.0000   0.0000
 185 O   :2px    0.0000   0.3535   0.0000  -0.2320  -0.0000  -0.0000   0.0000
 186 O   :2py   -0.0000   0.7309  -0.0000  -0.2959  -0.0000   0.0000   0.0000
 187 O   :2pz   -0.4077   0.0000  -0.4918   0.0000  -0.3410  -0.1153  -0.4819
 188 O   :2px   -0.0000  -0.0128   0.0000   0.0077   0.0000   0.0000   0.0000
 189 O   :2py   -0.0000  -0.0272   0.0000   0.0096   0.0000  -0.0000  -0.0000
 190 O   :2pz    0.0134  -0.0000   0.0183  -0.0000   0.0116   0.0071   0.0245
 192 O   :2py    0.0000   0.0153  -0.0000  -0.0058  -0.0000   0.0000  -0.0000
 193 O   :2pz    0.0065   0.0000  -0.0214  -0.0000  -0.0222  -0.0310  -0.1547
 199 O   :3d2-   0.0000   0.0105   0.0000  -0.0018  -0.0000   0.0000   0.0000
 202 O   :3d1+  -0.0129   0.0000  -0.0104   0.0000  -0.0076  -0.0005   0.0056
 203 O   :3d2+  -0.0000   0.0150  -0.0000  -0.0067   0.0000  -0.0000  -0.0000
 214 O   :1s    -0.0000  -0.0073   0.0000   0.0198  -0.0000  -0.0000   0.0000
 215 O   :2px   -0.0000  -0.1173  -0.0000  -0.4662  -0.0000  -0.0000  -0.0000
 216 O   :2py    0.0000   0.3242   0.0000   0.6707   0.0000   0.0000   0.0000
 217 O   :2pz   -0.0027   0.0000  -0.5016  -0.0000   0.3463  -0.3669   0.3247
 218 O   :2px    0.0000   0.0052  -0.0000   0.0127   0.0000   0.0000  -0.0000
 219 O   :2py   -0.0000  -0.0131   0.0000  -0.0262   0.0000   0.0000  -0.0000
 220 O   :2pz    0.0005  -0.0000   0.0181   0.0000  -0.0112   0.0175  -0.0169
 221 O   :2px    0.0000  -0.0094  -0.0000  -0.0244   0.0000   0.0000  -0.0000
 222 O   :2py    0.0000   0.0121  -0.0000   0.0110   0.0000  -0.0000  -0.0000
 223 O   :2pz   -0.0007  -0.0000  -0.0185   0.0000   0.0150  -0.0833   0.1119
 232 O   :3d1+   0.0003  -0.0000   0.0106  -0.0000  -0.0071   0.0009   0.0032
 233 O   :3d2+   0.0000   0.0064   0.0000   0.0147   0.0000   0.0000   0.0000
 241 H   :1s     0.0000  -0.0224  -0.0000  -0.0004  -0.0000  -0.0000   0.0000
 242 H   :1s     0.0000  -0.0378  -0.0000   0.0325   0.0000   0.0000  -0.0000
 243 H   :1s     0.0000  -0.0475  -0.0000   0.0241  -0.0000  -0.0000  -0.0000
 247 H   :2px   -0.0000  -0.0103  -0.0000   0.0063   0.0000  -0.0000  -0.0000
 249 H   :2pz    0.0133  -0.0000  -0.0043   0.0000   0.0171   0.0068  -0.0276
 255 H   :1s    -0.0000   0.0401  -0.0000   0.0336   0.0000  -0.0000   0.0000
 256 H   :1s     0.0000   0.0492  -0.0000   0.0128  -0.0000   0.0000   0.0000
 257 H   :1s     0.0000   0.0589  -0.0000   0.0298  -0.0000   0.0000  -0.0000
 262 H   :2py   -0.0000  -0.0182   0.0000  -0.0051   0.0000  -0.0000  -0.0000
 263 H   :2pz   -0.0105  -0.0000   0.0160   0.0000   0.0017  -0.0215  -0.0124
 269 H   :1s    -0.0000  -0.0385   0.0000  -0.0252  -0.0000   0.0000   0.0000
 270 H   :1s     0.0000   0.0042   0.0000  -0.0177  -0.0000  -0.0000  -0.0000
 271 H   :1s     0.0000  -0.0034   0.0000  -0.0301  -0.0000  -0.0000   0.0000
 277 H   :2pz    0.0076  -0.0000  -0.0021   0.0000  -0.0160   0.0139   0.0130
 283 H   :1s     0.0000   0.1455  -0.0000   0.0587   0.0000   0.0000   0.0000
 284 H   :1s    -0.0000  -0.0057   0.0000  -0.0166   0.0000   0.0000   0.0000
 285 H   :1s    -0.0000  -0.0031  -0.0000  -0.0167   0.0000   0.0000   0.0000
 291 H   :2pz    0.0114   0.0000   0.0000   0.0000  -0.0115  -0.0330   0.0017



 >>>> Total CPU  time used in SIRIUS :    474.60 seconds
 >>>> Total wall time used in SIRIUS :    475.70 seconds

 
     Date and time (Linux)  : Sat Apr  6 11:44:52 2013 
     Host name              : node108                                 


                     .---------------------------------------.
                     | End of Wave Function Section (SIRIUS) |
                     `---------------------------------------'



        *****************************************************************
        ******** Output from **PROPE input processing for ABACUS ********
        *****************************************************************



 The following molecular properties will be calculated in this run:
 ------------------------------------------------------------------

 Default print level:        0

      Electronic excitation energies 
      Direct calculation - no two-electron integrals written or read.
      Two-electron integrals will be calculated in parallel
      Natural orbital connection is used
      for perturbation dependent basis sets.


 Changes of defaults for .EXCITA:
 --------------------------------

 Number of excitation energies:    8    0    0    0    0    0    0    0
 Print level          :    0
 Integral print level :    0
 Threshold            : 1.00E-04
 Maximum iterations   :   60
 Dipole strength

 INFO: Changed THRP threshold used in integral transformation from  1.00D-15 to integral evaluation threshold  1.00D-12

 Center of mass dipole origin  :   -0.001812    0.064986    0.000000

 Center of mass gauge origin   :   -0.001812    0.064986    0.000000


                 .------------------------------------------------.
                 | Starting in Static Property Section (ABACUS) - |
                 `------------------------------------------------'


 
     Date and time (Linux)  : Sat Apr  6 11:44:52 2013 
     Host name              : node108                                 
       Electrons: 58.000002( 2.37e-06): LR-DFT*8 evaluation time:      55.5 s
       Electrons: 58.000002( 2.37e-06): LR-DFT*8 evaluation time:      55.9 s
       Electrons: 58.000002( 2.37e-06): LR-DFT*8 evaluation time:      55.8 s
       Electrons: 58.000002( 2.37e-06): LR-DFT*8 evaluation time:      55.6 s
       Electrons: 58.000002( 2.37e-06): LR-DFT*8 evaluation time:      55.7 s
       Electrons: 58.000002( 2.37e-06): LR-DFT*8 evaluation time:      55.9 s
       Electrons: 58.000002( 2.37e-06): LR-DFT*4 evaluation time:      27.8 s
       Electrons: 58.000002( 2.37e-06): LR-DFT*2 evaluation time:      16.3 s
 >>>  Time used in EXCITA     is 11 minutes 21 seconds


   ***************************************************************************
   ************************ FINAL RESULTS from ABACUS ************************
   ***************************************************************************


 
     Date and time (Linux)  : Sat Apr  6 11:56:16 2013 
     Host name              : node108                                 


                             Molecular geometry (au)
                             -----------------------

 N         -2.1496390562           -1.9331709286            0.0000000000
 C         -2.3268008804            0.6865375012            0.0000000000
 N          0.0000000000            1.8649707128            0.0000000000
 C          2.4092307340            0.7379002573            0.0000000000
 C          2.3358904631           -2.0113111039            0.0000000000
 C          0.1014216011           -3.2163327620            0.0000000000
 O         -4.3302885182            1.7915359555            0.0000000000
 O          4.2966324959            2.0402239136            0.0000000000
 H         -3.8114642105           -2.8563210379            0.0000000000
 H         -0.0398732212            3.7729893866            0.0000000000
 H          4.1014615817           -3.0218988410            0.0000000000
 H         -0.0517218040           -5.2521914082            0.0000000000





                        Molecular wave function and energy
                        ----------------------------------

     Spin multiplicity  1     State number       1     Total charge       0

     Total energy       -414.7620826493 au (Hartrees)
                        -11286.25038670 eV
                          -1088957.6801 kJ/mol


                             Relativistic corrections
                             ------------------------

     Darwin correction:                          0.8701006392 au
     Mass-velocity correction:                  -1.0888092930 au

     Total relativistic correction:             -0.2187086538 au (0.0527%)
     Non-relativistic + relativistic energy:  -414.9807913031 au




                                  Dipole moment
                                  -------------

                 au               Debye          C m (/(10**-30)
              1.711309           4.349714          14.509083


                             Dipole moment components
                             ------------------------

                 au               Debye          C m (/(10**-30)

      x     -0.46171106        -1.17355237        -3.91454935
      y     -1.64784765        -4.18841067       -13.97103416
      z     -0.00000000        -0.00000000        -0.00000000


   Units:   1 a.u. =   2.54175 Debye 
            1 a.u. =   8.47835 (10**-30) C m (SI)




                Singlet electronic excitation energies
                --------------------------------------

               ========================================
                 Sym.   Mode   Frequency    Frequency
                ex. st.  No.      (au)         (eV)
               ----------------------------------------
                   1      1     0.172493     4.693774
                   1      2     0.192762     5.245322
                   1      3     0.213793     5.817599
                   1      4     0.219202     5.964788
                   1      5     0.229541     6.246133
                   1      6     0.234321     6.376187
                   1      7     0.243606     6.628868
                   1      8     0.249540     6.790326
               ========================================


                Electric transition dipole moments (in a.u.)
                --------------------------------------------

  Sym.   Mode    Frequency       Velocity/Frequency              Length
 ex. st.  No.      (au)          x       y       z         x       y       z
 ==============================================================================
   1        1     0.172493    -0.0000 -0.0000  0.0265   -0.0000 -0.0000  0.0114
   1        2     0.192762     0.9213  0.3846  0.0000    0.9013  0.3870  0.0000
   1        3     0.213793     0.0000  0.0000  0.0127    0.0000 -0.0000 -0.0131
   1        4     0.219202    -0.4792  0.0143  0.0000   -0.4893  0.0079 -0.0000
   1        5     0.229541    -0.0000 -0.0000  0.0192    0.0000  0.0000 -0.0242
   1        6     0.234321    -0.0000 -0.0000 -0.0149    0.0000 -0.0000  0.0365
   1        7     0.243606     0.1439 -0.7829 -0.0000    0.1388 -0.7956 -0.0000
   1        8     0.249540     0.0000 -0.0000  0.0120    0.0000 -0.0000  0.0118
 ------------------------------------------------------------------------------


                               Oscillator strengths
                               --------------------

  Oscillator strengths are dimensionless.

  Sym.   Mode        Frequency     Oscillator-strength 
 ex. st.  No.           (eV)        velocity   length   
 -------------------------------------------------------
   1        1         4.693774        0.0001   0.0000
   1        2         5.245322        0.1281   0.1236
   1        3         5.817599        0.0000   0.0000
   1        4         5.964788        0.0336   0.0350
   1        5         6.246133        0.0001   0.0001
   1        6         6.376187        0.0000   0.0002
   1        7         6.628868        0.1029   0.1059
   1        8         6.790326        0.0000   0.0000


   Interatomic separations (in Angstrom):
   --------------------------------------

            N           C           N           C           C           C     
            ------      ------      ------      ------      ------      ------
 N     :    0.000000
 C     :    1.389456    0.000000
 N     :    2.309471    1.380200    0.000000
 C     :    2.796035    2.506347    1.407520    0.000000
 C     :    2.374000    2.850644    2.394896    1.455338    0.000000
 C     :    1.371149    2.432412    2.689446    2.422796    1.343415    0.000000
 O     :    2.283979    1.210762    2.291819    3.609721    4.061227    3.538720
 O     :    4.007178    3.577423    2.275571    1.213459    2.381853    3.558935
 H     :    1.005975    2.032762    3.210927    3.801816    3.283629    2.079356
 H     :    3.219354    2.032772    1.009900    2.063783    3.309046    3.699346
 H     :    3.357736    3.927160    3.376112    2.181836    1.076525    2.119229
 H     :    2.077798    3.365354    3.766339    3.426907    2.130160    1.080374

            O           O           H           H           H           H     
            ------      ------      ------      ------      ------      ------
 O     :    0.000000
 O     :    4.567066    0.000000
 H     :    2.474816    5.012327    0.000000
 H     :    2.500821    2.471193    4.036088    0.000000
 H     :    5.137751    2.680750    4.188257    4.210906    0.000000
 H     :    4.361147    4.492945    2.359196    4.775924    2.494617    0.000000


  Max    interatomic separation is    5.1378 Angstrom (    9.7089 Bohr)
  between atoms   11 and    7, "H     " and "O     ".

  Min HX interatomic separation is    1.0060 Angstrom (    1.9010 Bohr)

  Min YX interatomic separation is    1.2108 Angstrom (    2.2880 Bohr)


  Bond distances (Angstrom):
  --------------------------

                  atom 1     atom 2       distance
                  ------     ------       --------
  bond distance:  C          N            1.389456
  bond distance:  N          C            1.380200
  bond distance:  C          N            1.407520
  bond distance:  C          C            1.455338
  bond distance:  C          N            1.371149
  bond distance:  C          C            1.343415
  bond distance:  O          C            1.210762
  bond distance:  O          C            1.213459
  bond distance:  H          N            1.005975
  bond distance:  H          N            1.009900
  bond distance:  H          C            1.076525
  bond distance:  H          C            1.080374


  Bond angles (degrees):
  ----------------------

                  atom 1     atom 2     atom 3         angle
                  ------     ------     ------         -----
  bond angle:     C          N          C            123.553
  bond angle:     C          N          H            115.184
  bond angle:     C          N          H            121.263
  bond angle:     N          C          N            112.992
  bond angle:     N          C          O            122.747
  bond angle:     N          C          O            124.261
  bond angle:     C          N          C            128.069
  bond angle:     C          N          H            115.663
  bond angle:     C          N          H            116.268
  bond angle:     N          C          C            113.543
  bond angle:     N          C          O            120.323
  bond angle:     C          C          O            126.134
  bond angle:     C          C          C            119.866
  bond angle:     C          C          H            118.258
  bond angle:     C          C          H            121.876
  bond angle:     N          C          C            121.978
  bond angle:     N          C          H            115.382
  bond angle:     C          C          H            122.639




 CPU time statistics for ABACUS
 ------------------------------

 EXCITA     00:11:21     100 %

 TOTAL      00:11:22     100 %


 >>>> Total CPU  time used in ABACUS: 11 minutes 22 seconds
 >>>> Total wall time used in ABACUS: 11 minutes 24 seconds


                   .-------------------------------------------.
                   | End of Static Property Section (ABACUS) - |
                   `-------------------------------------------'

 >>>> Total CPU  time used in DALTON: 19 minutes 18 seconds
 >>>> Total wall time used in DALTON: 19 minutes 21 seconds

 
     Date and time (Linux)  : Sat Apr  6 11:56:16 2013 
     Host name              : node108                                 
