
   ***************************************** 
   **** OUTPUT FROM DALTON SHELL SCRIPT **** 
   ***************************************** 

   Dalton Release DALTON2011 (DEVELOPMENT VERSION)

   Invocation: /plx/userexternal/scoriani/source/dalton-repo/build/dalton -d -N 8 b3lyp standard

   Fri Apr  5 18:11:00 CEST 2013

   Calculation: b3lyp_standard  (input files: b3lyp.dal and standard.mol)
   PID        : 13859
   Input dir  : /plx/userexternal/scoriani/Jobs/paolo/Uracile_dalton
   Scratch dir: /gpfs/scratch/userexternal/scoriani/dalton_paolo/b3lyp.standard

Copying dalton executable from master node:  node124
node124ib0
Succesfully copied executable to:  node124ib0

 DALTON: default work memory size used.            64000000

 DALTON: master work memory size also used for slaves.            64000000

 Work memory size (LMWORK+2):    64000002 =  488.28 megabytes; node   0

   0: Directories for basis set searches:
     /plx/userexternal/scoriani/Jobs/paolo/Uracile_dalton:/plx/userexternal/scoriani/source/dalton-repo/build/basis

 Work memory size (LMWORK+2):    64000002 =  488.28 megabytes; node   1

   1: Directories for basis set searches:
     /plx/userexternal/scoriani/Jobs/paolo/Uracile_dalton:/plx/userexternal/scoriani/source/dalton-repo/build/basis
Backup: renaming /plx/userexternal/scoriani/Jobs/paolo/Uracile_dalton/b3lyp_standard.tar.gz.1 to /plx/userexternal/scoriani/Jobs/paolo/Uracile_dalton/b3lyp_standard.tar.gz.2
Backup: renaming /plx/userexternal/scoriani/Jobs/paolo/Uracile_dalton/b3lyp_standard.tar.gz.0 to /plx/userexternal/scoriani/Jobs/paolo/Uracile_dalton/b3lyp_standard.tar.gz.1
Backup: renaming /plx/userexternal/scoriani/Jobs/paolo/Uracile_dalton/b3lyp_standard.tar.gz to /plx/userexternal/scoriani/Jobs/paolo/Uracile_dalton/b3lyp_standard.tar.gz.0
b3lyp_standard.tar.gz has been copied to /plx/userexternal/scoriani/Jobs/paolo/Uracile_dalton
Backup: renaming /plx/userexternal/scoriani/Jobs/paolo/Uracile_dalton/b3lyp_standard.out.1 to /plx/userexternal/scoriani/Jobs/paolo/Uracile_dalton/b3lyp_standard.out.2
Backup: renaming /plx/userexternal/scoriani/Jobs/paolo/Uracile_dalton/b3lyp_standard.out.0 to /plx/userexternal/scoriani/Jobs/paolo/Uracile_dalton/b3lyp_standard.out.1
Backup: renaming /plx/userexternal/scoriani/Jobs/paolo/Uracile_dalton/b3lyp_standard.out to /plx/userexternal/scoriani/Jobs/paolo/Uracile_dalton/b3lyp_standard.out.0
----------------------------------------------------------
2 informational messages have been issued by Dalton,
output from 'grep -n INFO'  (max 10 lines):
531:    INFORMATION: Switched to "new" integral transformation (from 1988 ;-) )
881: INFO: Changed THRP threshold used in integral transformation from  1.00D-15 to integral evaluation threshold  1.00D-12

   Fri Apr  5 18:30:53 CEST 2013
   ***************************************** 
Done!
