

   ****************************************************************************
   *************** DALTON2011 - An electronic structure program ***************
   ****************************************************************************

    This is output from DALTON Release 2011 (DEVELOPMENT VERSION)
   ----------------------------------------------------------------------------
    NOTE:
     
    DALTON is an experimental code for the evaluation of molecular
    properties using (MC)SCF, DFT, CI, and CC wave functions.
    The authors accept no responsibility for the performance of
    the code or for the correctness of the results.
     
    The code (in whole or part) is provided under a licence and
    is not to be reproduced for further distribution without
    the written permission of the authors or their representatives.
     
    See the home page "http://daltonprogram.org" for further information.
     
    If results obtained with this code are published,
    an appropriate citation would be:
     
    "Dalton, a molecular electronic structure program,
    Release Dalton2011 (2011), see http://daltonprogram.org"
   ----------------------------------------------------------------------------

    Authors in alphabetical order (major contribution(s) in parenthesis):

  Celestino Angeli,         University of Ferrara,        Italy       (NEVPT2)
  Keld L. Bak,              UNI-C,                        Denmark     (AOSOPPA, non-adiabatic coupling, magnetic properties)
  Vebjoern Bakken,          University of Oslo,           Norway      (DALTON; geometry optimizer, symmetry detection)
  Ove Christiansen,         Aarhus University,            Denmark     (CC module)
  Renzo Cimiraglia,         University of Ferrara,        Italy       (NEVPT2)
  Sonia Coriani,            University of Trieste,        Italy       (CC module, MCD in RESPONS)
  Paal Dahle,               University of Oslo,           Norway      (Parallelization)
  Erik K. Dalskov,          UNI-C,                        Denmark     (SOPPA)
  Thomas Enevoldsen,        SDU - Odense University,      Denmark     (SOPPA)
  Berta Fernandez,          U. of Santiago de Compostela, Spain       (doublet spin, ESR in RESPONS)
  Lara Ferrighi,            Aarhus University,            Denmark     (PCM Cubic response)
  Heike Fliegl,             University of Helsinki,       Finland     (CCSD(R12))
  Luca Frediani,            University of Tromsoe,        Norway      (PCM)
  Bin Gao,                  University of Tromsoe,        Norway      (Gen1Int module)
  Christof Haettig,         Ruhr University Bochum,       Germany     (CC module)
  Kasper Hald,              Aarhus University,            Denmark     (CC module)
  Asger Halkier,            Aarhus University,            Denmark     (CC module)
  Hanne Heiberg,            University of Oslo,           Norway      (geometry analysis, selected one-electron integrals)
  Trygve Helgaker,          University of Oslo,           Norway      (DALTON; ABACUS, ERI, DFT modules, London, and much more)
  Hinne Hettema,            University of Auckland,       New Zealand (quadratic response in RESPONS; SIRIUS supersymmetry)
  Brano Jansik              University of Aarhus          Denmark     (DFT cubic response)
  Hans Joergen Aa. Jensen,  Univ. of Southern Denmark,    Denmark     (DALTON; SIRIUS, RESPONS, ABACUS modules, London, and much more)
  Dan Jonsson,              University of Tromsoe,        Norway      (cubic response in RESPONS module)
  Poul Joergensen,          Aarhus University,            Denmark     (RESPONS, ABACUS, and CC modules)
  Sheela Kirpekar,          SDU - Odense University,      Denmark     (Mass-velocity & Darwin integrals)
  Wim Klopper,              University of Karlsruhe,      Germany     (R12 code in CC, SIRIUS, and ABACUS modules)
  Stefan Knecht,            Univ. of Southern Denmark,    Denmark     (Parallel CI)
  Rika Kobayashi,           ANU Supercomputer Facility,   Australia   (DIIS in CC, London in MCSCF)
  Jacob Kongsted,           Univ. of Southern Denmark,    Denmark     (QM/MM code)
  Henrik Koch,              University of Trondheim,      Norway      (CC module, Cholesky decomposition)
  Andrea Ligabue,           University of Modena,         Italy       (CTOCD, AOSOPPA)
  Ola B. Lutnaes,           University of Oslo,           Norway      (DFT Hessian)
  Juan I. Melo,             University of Buenos Aires,   Argentina   (LRESC, Relativistic Effects on NMR Shieldings)
  Kurt V. Mikkelsen,        University of Copenhagen,     Denmark     (MC-SCRF and QM/MM code)
  Christian Neiss,          Univ. Erlangen-Nuernberg,     Germany     (CCSD(R12))
  Christian B. Nielsen,     University of Copenhagen,     Denmark     (QM/MM code)
  Patrick Norman,           University of Linkoeping,     Sweden      (cubic response and complex response in RESPONS)
  Jeppe Olsen,              Aarhus University,            Denmark     (SIRIUS CI/density modules)
  Anders Osted,             Copenhagen University,        Denmark     (QM/MM code)
  Martin J. Packer,         University of Sheffield,      UK          (SOPPA)
  Filip Pawlowski,          Kazimierz Wielki University   Poland      (CC3)
  Thomas B. Pedersen,       University of Oslo,           Norway      (Cholesky decomposition)
  Patricio F. Provasi,      University of Northeastern,   Argentina   (Analysis of coupling constants in localized orbitals)
  Zilvinas Rinkevicius,     KTH Stockholm,                Sweden      (open-shell DFT, ESR)
  Elias Rudberg,            KTH Stockholm,                Sweden      (DFT grid and basis info)
  Torgeir A. Ruden,         University of Oslo,           Norway      (Numerical derivatives in ABACUS)
  Kenneth Ruud,             University of Tromsoe,        Norway      (DALTON; ABACUS magnetic properties and  much more)
  Pawel Salek,              KTH Stockholm,                Sweden      (DALTON; DFT code)
  Claire C.M. Samson        University of Karlsruhe       Germany     (Boys localization, r12 integrals in ERI)
  Alfredo Sanchez de Meras, University of Valencia,       Spain       (CC module, Cholesky decomposition)
  Trond Saue,               CNRS/ULP Toulouse,            France      (direct Fock matrix construction)
  Stephan P. A. Sauer,      University of Copenhagen,     Denmark     (SOPPA(CCSD), SOPPA prop., AOSOPPA, vibrational g-factors)
  Bernd Schimmelpfennig,    Forschungszentrum Karlsruhe,  Germany     (AMFI module)
  Arnfinn H. Steindal,      University of Tromsoe,        Norway      (parallel QM/MM)
  K. O. Sylvester-Hvid,     University of Copenhagen,     Denmark     (MC-SCRF)
  Peter R. Taylor,          VLSCI/Univ. of Melbourne,     Australia   (Symmetry handling ABACUS, integral transformation)
  David P. Tew,             University of Bristol,        England     (CCSD(R12))
  Olav Vahtras,             KTH Stockholm,                Sweden      (triplet response, spin-orbit, ESR, TDDFT, open-shell DFT)
  David J. Wilson,          La Trobe University,          Australia   (DFT Hessian and DFT magnetizabilities)
  Hans Agren,               KTH Stockholm,                Sweden      (SIRIUS module, MC-SCRF solvation model)
 --------------------------------------------------------------------------------

     Date and time (Linux)  : Fri Apr  5 18:54:45 2013 
     Host name              : node189                                 

 * Work memory size             :    64000000 =  488.28 megabytes.

 * Directories for basis set searches:
   1) /plx/userexternal/scoriani/Jobs/paolo/Uracile_dalton_2
   2) /plx/userexternal/scoriani/source/dalton-repo/build/basis

 * Parallel with MPI: Using    8 CPUs.


   Content of the .dal input file
 ----------------------------------

**DALTON INPUT                                    
.RUN PROPERTIES                                   
.PARALLEL                                         
**WAVE FUNCTIONS                                  
.DFT                                              
 B3LYP                                            
**PROPERTIES                                      
.EXCITA                                           
*EXCITA                                           
.DIPSTR                                           
.NEXCIT                                           
5 5                                               
**END OF DALTON INPUT                             


   Content of the .mol file
 ----------------------------

BASIS                                                                          
cc-pVTZ                                                                        
 UV di Uracile con Dalton utilizzando geometria                                
 di B3LYP_cc-pVTZ_S0_gas.log calcolata con Gauss                               
Atomtypes=6 Angstrom                                                           
Charge=7.0 Atoms=1                                                             
N         -1.13754       -1.02299        0.00000                               
Charge=6.0 Atoms=1                                                             
C         -1.23129        0.36330        0.00000                               
Charge=7.0 Atoms=1                                                             
N          0.00000        0.98690        0.00000                               
Charge=6.0 Atoms=3                                                             
C          1.27491        0.39048        0.00000                               
C          1.23610       -1.06434        0.00000                               
C          0.05367       -1.70201        0.00000                               
Charge=8.0 Atoms=2                                                             
O         -2.29149        0.94804        0.00000                               
O          2.27368        1.07964        0.00000                               
Charge=1.0 Atoms=4                                                             
H         -2.01694       -1.51150        0.00000                               
H         -0.02110        1.99658        0.00000                               
H          2.17040       -1.59912        0.00000                               
H         -0.02737       -2.77934        0.00000                               


       *******************************************************************
       *********** Output from DALTON general input processing ***********
       *******************************************************************

 --------------------------------------------------------------------------------
   Overall default print level:    0
   Print level for DALTON.STAT:    1

    Parallel calculation using MPI
    AO-direct calculation (in sections where implemented)
    HERMIT 1- and 2-electron integral sections will be executed
    "Old" integral transformation used (limited to max 255 basis functions)
    Wave function sections will be executed (SIRIUS module)
    Static molecular property section will be executed (ABACUS module)
 --------------------------------------------------------------------------------


   ****************************************************************************
   *************** Output of molecule and basis set information ***************
   ****************************************************************************


    The two title cards from your ".mol" input:
    ------------------------------------------------------------------------
 1:  UV di Uracile con Dalton utilizzando geometria                         
 2:  di B3LYP_cc-pVTZ_S0_gas.log calcolata con Gauss                        
    ------------------------------------------------------------------------

  Coordinates are entered in Angstrom and converted to atomic units.
          - Conversion factor : 1 bohr = 0.52917721 A

  Atomic type no.    1
  --------------------
  Nuclear charge:   7.00000
  Number of symmetry independent centers:    1
  Number of basis sets to read;    2
  Basis set file used for this atomic type with Z =   7 :
     "/plx/userexternal/scoriani/source/dalton-repo/build/basis/cc-pVTZ"

  Atomic type no.    2
  --------------------
  Nuclear charge:   6.00000
  Number of symmetry independent centers:    1
  Number of basis sets to read;    2
  Basis set file used for this atomic type with Z =   6 :
     "/plx/userexternal/scoriani/source/dalton-repo/build/basis/cc-pVTZ"

  Atomic type no.    3
  --------------------
  Nuclear charge:   7.00000
  Number of symmetry independent centers:    1
  Number of basis sets to read;    2
  Basis set file used for this atomic type with Z =   7 :
     "/plx/userexternal/scoriani/source/dalton-repo/build/basis/cc-pVTZ"

  Atomic type no.    4
  --------------------
  Nuclear charge:   6.00000
  Number of symmetry independent centers:    3
  Number of basis sets to read;    2
  Basis set file used for this atomic type with Z =   6 :
     "/plx/userexternal/scoriani/source/dalton-repo/build/basis/cc-pVTZ"

  Atomic type no.    5
  --------------------
  Nuclear charge:   8.00000
  Number of symmetry independent centers:    2
  Number of basis sets to read;    2
  Basis set file used for this atomic type with Z =   8 :
     "/plx/userexternal/scoriani/source/dalton-repo/build/basis/cc-pVTZ"

  Atomic type no.    6
  --------------------
  Nuclear charge:   1.00000
  Number of symmetry independent centers:    4
  Number of basis sets to read;    2
  Basis set file used for this atomic type with Z =   1 :
     "/plx/userexternal/scoriani/source/dalton-repo/build/basis/cc-pVTZ"


                      SYMADD: Requested addition of symmetry
                      --------------------------------------

 Symmetry test threshold:  5.00E-06

 - molecule centered at center of mass and rotated so
   principal axes of inertia are along coordinate axes.

 Symmetry class found: C(s)           

 Symmetry Independent Centres             
 ----------------------------
       8 :      0.00000000     1.87470318    -4.26640010  Isotope  1
       8 :      0.00000000     1.82592076     4.36396676  Isotope  1
       7 :      0.00000000     1.79885302     0.06384678  Isotope  1
       7 :      0.00000000    -1.92294596    -2.21541633  Isotope  1
       6 :      0.00000000     0.70131195    -2.30218593  Isotope  1
       6 :      0.00000000     0.58941917     2.43280231  Isotope  1
       6 :      0.00000000    -2.15563131     2.26475537  Isotope  1
       6 :      0.00000000    -3.28292721    -0.00991653  Isotope  1
       1 :      0.00000000     3.70711239     0.08975618  Isotope  1
       1 :      0.00000000    -2.78827365    -3.90807015  Isotope  1
       1 :      0.00000000    -3.22646823     3.99444819  Isotope  1
       1 :      0.00000000    -5.31229838    -0.23313383  Isotope  1

 The following element was found:   X        


                         SYMGRP: Point group information
                         -------------------------------

Full point group is: C(s)           
Represented as:      Cs 

   * The point group was generated by:

      Reflection in the yz-plane

   * Group multiplication table

        |  E   Oyz
   -----+----------
     E  |  E   Oyz
    Oyz | Oyz   E 

   * Character table

        |  E   Oyz
   -----+----------
    A'  |   1    1
    A"  |   1   -1

   * Direct product table

        | A'   A" 
   -----+----------
    A'  | A'   A" 
    A"  | A"   A' 


                                 Isotopic Masses
                                 ---------------

                           N          14.003074
                           C          12.000000
                           N          14.003074
                           C          12.000000
                           C          12.000000
                           C          12.000000
                           O          15.994915
                           O          15.994915
                           H           1.007825
                           H           1.007825
                           H           1.007825
                           H           1.007825

                       Total mass:   112.027278 amu
                       Natural abundance:  94.453 %

 Center-of-mass coordinates (a.u.):    0.000000   -0.000000   -0.000000


  Atoms and basis sets
  --------------------

  Number of atom types :    6
  Total number of atoms:   12

  Basis set used is "cc-pVTZ" from the basis set library.

  label    atoms   charge   prim   cont     basis
  ----------------------------------------------------------------------
  N           1    7.0000    42    30      [10s5p2d1f|4s3p2d1f]                               
  C           1    6.0000    42    30      [10s5p2d1f|4s3p2d1f]                               
  N           1    7.0000    42    30      [10s5p2d1f|4s3p2d1f]                               
  C           3    6.0000    42    30      [10s5p2d1f|4s3p2d1f]                               
  O           2    8.0000    42    30      [10s5p2d1f|4s3p2d1f]                               
  H           4    1.0000    16    14      [5s2p1d|3s2p1d]                                    
  ----------------------------------------------------------------------
  total:     12   58.0000   400   296
  ----------------------------------------------------------------------
  Spherical harmonic basis used.

  Threshold for neglecting AO integrals:  1.00D-12


  Cartesian Coordinates (a.u.)
  ----------------------------

  Total number of coordinates:   36
  N       :     1  x   0.0000000000    2  y  -1.9229459629    3  z  -2.2154163280
  C       :     4  x   0.0000000000    5  y   0.7013119524    6  z  -2.3021859261
  N       :     7  x   0.0000000000    8  y   1.7988530210    9  z   0.0638467816
  C       :    10  x   0.0000000000   11  y   0.5894191664   12  z   2.4328023094
  C       :    13  x   0.0000000000   14  y  -2.1556313124   15  z   2.2647553745
  C       :    16  x   0.0000000000   17  y  -3.2829272102   18  z  -0.0099165251
  O       :    19  x   0.0000000000   20  y   1.8747031796   21  z  -4.2664001014
  O       :    22  x   0.0000000000   23  y   1.8259207564   24  z   4.3639667598
  H       :    25  x   0.0000000000   26  y  -2.7882736527   27  z  -3.9080701489
  H       :    28  x   0.0000000000   29  y   3.7071123945   30  z   0.0897561847
  H       :    31  x   0.0000000000   32  y  -3.2264682325   33  z   3.9944481910
  H       :    34  x   0.0000000000   35  y  -5.3122983849   36  z  -0.2331338302


  Symmetry Coordinates
  --------------------

  Number of coordinates in each symmetry:    24   12

  Symmetry  A'  ( 1)

    1   N     y    2
    2   N     z    3
    3   C     y    5
    4   C     z    6
    5   N     y    8
    6   N     z    9
    7   C     y   11
    8   C     z   12
    9   C     y   14
   10   C     z   15
   11   C     y   17
   12   C     z   18
   13   O     y   20
   14   O     z   21
   15   O     y   23
   16   O     z   24
   17   H     y   26
   18   H     z   27
   19   H     y   29
   20   H     z   30
   21   H     y   32
   22   H     z   33
   23   H     y   35
   24   H     z   36

  Symmetry  A"  ( 2)

   25   N     x    1
   26   C     x    4
   27   N     x    7
   28   C     x   10
   29   C     x   13
   30   C     x   16
   31   O     x   19
   32   O     x   22
   33   H     x   25
   34   H     x   28
   35   H     x   31
   36   H     x   34


   Interatomic separations (in Angstrom):
   --------------------------------------

            N           C           N           C           C           C     
            ------      ------      ------      ------      ------      ------
 N     :    0.000000
 C     :    1.389456    0.000000
 N     :    2.309471    1.380200    0.000000
 C     :    2.796035    2.506347    1.407520    0.000000
 C     :    2.374000    2.850644    2.394896    1.455338    0.000000
 C     :    1.371149    2.432412    2.689446    2.422796    1.343415    0.000000
 O     :    2.283979    1.210762    2.291819    3.609721    4.061227    3.538720
 O     :    4.007178    3.577423    2.275571    1.213459    2.381853    3.558935
 H     :    1.005975    2.032762    3.210927    3.801816    3.283629    2.079356
 H     :    3.219354    2.032772    1.009900    2.063783    3.309046    3.699346
 H     :    3.357736    3.927160    3.376112    2.181836    1.076525    2.119229
 H     :    2.077798    3.365354    3.766339    3.426907    2.130160    1.080374

            O           O           H           H           H           H     
            ------      ------      ------      ------      ------      ------
 O     :    0.000000
 O     :    4.567066    0.000000
 H     :    2.474816    5.012327    0.000000
 H     :    2.500821    2.471193    4.036088    0.000000
 H     :    5.137751    2.680750    4.188257    4.210906    0.000000
 H     :    4.361147    4.492945    2.359196    4.775924    2.494617    0.000000


  Max    interatomic separation is    5.1378 Angstrom (    9.7089 Bohr)
  between atoms   11 and    7, "H     " and "O     ".

  Min HX interatomic separation is    1.0060 Angstrom (    1.9010 Bohr)

  Min YX interatomic separation is    1.2108 Angstrom (    2.2880 Bohr)


  Bond distances (Angstrom):
  --------------------------

                  atom 1     atom 2       distance
                  ------     ------       --------
  bond distance:  C          N            1.389456
  bond distance:  N          C            1.380200
  bond distance:  C          N            1.407520
  bond distance:  C          C            1.455338
  bond distance:  C          N            1.371149
  bond distance:  C          C            1.343415
  bond distance:  O          C            1.210762
  bond distance:  O          C            1.213459
  bond distance:  H          N            1.005975
  bond distance:  H          N            1.009900
  bond distance:  H          C            1.076525
  bond distance:  H          C            1.080374


  Bond angles (degrees):
  ----------------------

                  atom 1     atom 2     atom 3         angle
                  ------     ------     ------         -----
  bond angle:     C          N          C            123.553
  bond angle:     C          N          H            115.184
  bond angle:     C          N          H            121.263
  bond angle:     N          C          N            112.992
  bond angle:     N          C          O            122.747
  bond angle:     N          C          O            124.261
  bond angle:     C          N          C            128.069
  bond angle:     C          N          H            115.663
  bond angle:     C          N          H            116.268
  bond angle:     N          C          C            113.543
  bond angle:     N          C          O            120.323
  bond angle:     C          C          O            126.134
  bond angle:     C          C          C            119.866
  bond angle:     C          C          H            118.258
  bond angle:     C          C          H            121.876
  bond angle:     N          C          C            121.978
  bond angle:     N          C          H            115.382
  bond angle:     C          C          H            122.639




 Principal moments of inertia (u*A**2) and principal axes
 --------------------------------------------------------

   IA     129.489255          0.000000   -0.000000    1.000000
   IB     249.854684          0.000000    1.000000    0.000000
   IC     379.343939          1.000000    0.000000    0.000000


 Rotational constants
 --------------------

 The molecule is planar.

               A                   B                   C

           3902.8644           2022.6917           1332.2448 MHz
            0.130186            0.067470            0.044439 cm-1


@  Nuclear repulsion energy :  357.099211771740 Hartree


  Symmetry Orbitals
  -----------------

  Number of orbitals in each symmetry:         200   96


  Symmetry  A' ( 1)

    1     N        1s         1
    2     N        1s         2
    3     N        1s         3
    4     N        1s         4
    5     N        2py        6
    6     N        2pz        7
    7     N        2py        9
    8     N        2pz       10
    9     N        2py       12
   10     N        2pz       13
   11     N        3d1-      15
   12     N        3d0       16
   13     N        3d2+      18
   14     N        3d1-      20
   15     N        3d0       21
   16     N        3d2+      23
   17     N        4f3-      24
   18     N        4f1-      26
   19     N        4f0       27
   20     N        4f2+      29
   21     C        1s        31
   22     C        1s        32
   23     C        1s        33
   24     C        1s        34
   25     C        2py       36
   26     C        2pz       37
   27     C        2py       39
   28     C        2pz       40
   29     C        2py       42
   30     C        2pz       43
   31     C        3d1-      45
   32     C        3d0       46
   33     C        3d2+      48
   34     C        3d1-      50
   35     C        3d0       51
   36     C        3d2+      53
   37     C        4f3-      54
   38     C        4f1-      56
   39     C        4f0       57
   40     C        4f2+      59
   41     N        1s        61
   42     N        1s        62
   43     N        1s        63
   44     N        1s        64
   45     N        2py       66
   46     N        2pz       67
   47     N        2py       69
   48     N        2pz       70
   49     N        2py       72
   50     N        2pz       73
   51     N        3d1-      75
   52     N        3d0       76
   53     N        3d2+      78
   54     N        3d1-      80
   55     N        3d0       81
   56     N        3d2+      83
   57     N        4f3-      84
   58     N        4f1-      86
   59     N        4f0       87
   60     N        4f2+      89
   61     C        1s        91
   62     C        1s        92
   63     C        1s        93
   64     C        1s        94
   65     C        2py       96
   66     C        2pz       97
   67     C        2py       99
   68     C        2pz      100
   69     C        2py      102
   70     C        2pz      103
   71     C        3d1-     105
   72     C        3d0      106
   73     C        3d2+     108
   74     C        3d1-     110
   75     C        3d0      111
   76     C        3d2+     113
   77     C        4f3-     114
   78     C        4f1-     116
   79     C        4f0      117
   80     C        4f2+     119
   81     C        1s       121
   82     C        1s       122
   83     C        1s       123
   84     C        1s       124
   85     C        2py      126
   86     C        2pz      127
   87     C        2py      129
   88     C        2pz      130
   89     C        2py      132
   90     C        2pz      133
   91     C        3d1-     135
   92     C        3d0      136
   93     C        3d2+     138
   94     C        3d1-     140
   95     C        3d0      141
   96     C        3d2+     143
   97     C        4f3-     144
   98     C        4f1-     146
   99     C        4f0      147
  100     C        4f2+     149
  101     C        1s       151
  102     C        1s       152
  103     C        1s       153
  104     C        1s       154
  105     C        2py      156
  106     C        2pz      157
  107     C        2py      159
  108     C        2pz      160
  109     C        2py      162
  110     C        2pz      163
  111     C        3d1-     165
  112     C        3d0      166
  113     C        3d2+     168
  114     C        3d1-     170
  115     C        3d0      171
  116     C        3d2+     173
  117     C        4f3-     174
  118     C        4f1-     176
  119     C        4f0      177
  120     C        4f2+     179
  121     O        1s       181
  122     O        1s       182
  123     O        1s       183
  124     O        1s       184
  125     O        2py      186
  126     O        2pz      187
  127     O        2py      189
  128     O        2pz      190
  129     O        2py      192
  130     O        2pz      193
  131     O        3d1-     195
  132     O        3d0      196
  133     O        3d2+     198
  134     O        3d1-     200
  135     O        3d0      201
  136     O        3d2+     203
  137     O        4f3-     204
  138     O        4f1-     206
  139     O        4f0      207
  140     O        4f2+     209
  141     O        1s       211
  142     O        1s       212
  143     O        1s       213
  144     O        1s       214
  145     O        2py      216
  146     O        2pz      217
  147     O        2py      219
  148     O        2pz      220
  149     O        2py      222
  150     O        2pz      223
  151     O        3d1-     225
  152     O        3d0      226
  153     O        3d2+     228
  154     O        3d1-     230
  155     O        3d0      231
  156     O        3d2+     233
  157     O        4f3-     234
  158     O        4f1-     236
  159     O        4f0      237
  160     O        4f2+     239
  161     H        1s       241
  162     H        1s       242
  163     H        1s       243
  164     H        2py      245
  165     H        2pz      246
  166     H        2py      248
  167     H        2pz      249
  168     H        3d1-     251
  169     H        3d0      252
  170     H        3d2+     254
  171     H        1s       255
  172     H        1s       256
  173     H        1s       257
  174     H        2py      259
  175     H        2pz      260
  176     H        2py      262
  177     H        2pz      263
  178     H        3d1-     265
  179     H        3d0      266
  180     H        3d2+     268
  181     H        1s       269
  182     H        1s       270
  183     H        1s       271
  184     H        2py      273
  185     H        2pz      274
  186     H        2py      276
  187     H        2pz      277
  188     H        3d1-     279
  189     H        3d0      280
  190     H        3d2+     282
  191     H        1s       283
  192     H        1s       284
  193     H        1s       285
  194     H        2py      287
  195     H        2pz      288
  196     H        2py      290
  197     H        2pz      291
  198     H        3d1-     293
  199     H        3d0      294
  200     H        3d2+     296


  Symmetry  A" ( 2)

  201     N        2px        5
  202     N        2px        8
  203     N        2px       11
  204     N        3d2-      14
  205     N        3d1+      17
  206     N        3d2-      19
  207     N        3d1+      22
  208     N        4f2-      25
  209     N        4f1+      28
  210     N        4f3+      30
  211     C        2px       35
  212     C        2px       38
  213     C        2px       41
  214     C        3d2-      44
  215     C        3d1+      47
  216     C        3d2-      49
  217     C        3d1+      52
  218     C        4f2-      55
  219     C        4f1+      58
  220     C        4f3+      60
  221     N        2px       65
  222     N        2px       68
  223     N        2px       71
  224     N        3d2-      74
  225     N        3d1+      77
  226     N        3d2-      79
  227     N        3d1+      82
  228     N        4f2-      85
  229     N        4f1+      88
  230     N        4f3+      90
  231     C        2px       95
  232     C        2px       98
  233     C        2px      101
  234     C        3d2-     104
  235     C        3d1+     107
  236     C        3d2-     109
  237     C        3d1+     112
  238     C        4f2-     115
  239     C        4f1+     118
  240     C        4f3+     120
  241     C        2px      125
  242     C        2px      128
  243     C        2px      131
  244     C        3d2-     134
  245     C        3d1+     137
  246     C        3d2-     139
  247     C        3d1+     142
  248     C        4f2-     145
  249     C        4f1+     148
  250     C        4f3+     150
  251     C        2px      155
  252     C        2px      158
  253     C        2px      161
  254     C        3d2-     164
  255     C        3d1+     167
  256     C        3d2-     169
  257     C        3d1+     172
  258     C        4f2-     175
  259     C        4f1+     178
  260     C        4f3+     180
  261     O        2px      185
  262     O        2px      188
  263     O        2px      191
  264     O        3d2-     194
  265     O        3d1+     197
  266     O        3d2-     199
  267     O        3d1+     202
  268     O        4f2-     205
  269     O        4f1+     208
  270     O        4f3+     210
  271     O        2px      215
  272     O        2px      218
  273     O        2px      221
  274     O        3d2-     224
  275     O        3d1+     227
  276     O        3d2-     229
  277     O        3d1+     232
  278     O        4f2-     235
  279     O        4f1+     238
  280     O        4f3+     240
  281     H        2px      244
  282     H        2px      247
  283     H        3d2-     250
  284     H        3d1+     253
  285     H        2px      258
  286     H        2px      261
  287     H        3d2-     264
  288     H        3d1+     267
  289     H        2px      272
  290     H        2px      275
  291     H        3d2-     278
  292     H        3d1+     281
  293     H        2px      286
  294     H        2px      289
  295     H        3d2-     292
  296     H        3d1+     295

  Symmetries of electric field:  A" (2)  A' (1)  A' (1)

  Symmetries of magnetic field:  A' (1)  A" (2)  A" (2)


                     .---------------------------------------.
                     | Starting in Integral Section (HERMIT) |
                     `---------------------------------------'



    *************************************************************************
    ****************** Output from HERMIT input processing ******************
    *************************************************************************



     ************************************************************************
     ************************** Output from HERINT **************************
     ************************************************************************

 >>>  Time used in ONEDRV     is   0.22 seconds
 >>>  Time used in HUCKEL     is   0.10 seconds
 >>>  Time used in QUADRUP    is   0.13 seconds
 >>>  Time used in KINENE     is   0.11 seconds
 >>>  Time used in GABGEN     is   0.46 seconds
 >>>> Total CPU  time used in HERMIT:   1.22 seconds
 >>>> Total wall time used in HERMIT:   1.26 seconds


                        .----------------------------------.
                        | End of Integral Section (HERMIT) |
                        `----------------------------------'



                   .--------------------------------------------.
                   | Starting in Wave Function Section (SIRIUS) |
                   `--------------------------------------------'


 *** Output from Huckel module :

     Using EWMO model:          T
     Using EHT  model:          F
     Number of Huckel orbitals each symmetry:   36    8

 EWMO - Energy Weighted Maximum Overlap - is a Huckel type method,
        which normally is better than Extended Huckel Theory.
 Reference: Linderberg and Ohrn, Propagators in Quantum Chemistry (Wiley, 1973)

 Huckel EWMO eigenvalues for symmetry :  1
          -20.684934     -20.684664     -15.676929     -15.674141     -11.359856
          -11.354811     -11.352954     -11.346722      -2.044667      -1.730966
           -1.624623      -1.391011      -1.287538      -1.036694      -0.869049
           -0.839399      -0.711513      -0.667297      -0.610992      -0.583687
           -0.564106      -0.492632      -0.468420      -0.422543      -0.183610
           -0.172657      -0.159985      -0.152643      -0.141819      -0.134993
           -0.126012      -0.124091      -0.114147      -0.112896      -0.094852
           -0.081750

 Huckel EWMO eigenvalues for symmetry :  2
           -0.888838      -0.708193      -0.608013      -0.504252      -0.447765
           -0.273657      -0.247287      -0.199396

 **********************************************************************
 *SIRIUS* a direct, restricted step, second order MCSCF program       *
 **********************************************************************

 
     Date and time (Linux)  : Fri Apr  5 18:54:47 2013 
     Host name              : node189                                 

 Title lines from ".mol" input file:
      UV di Uracile con Dalton utilizzando geometria                         
      di B3LYP_cc-pVTZ_S0_gas.log calcolata con Gauss                        

 Print level on unit LUPRI =   2 is   0
 Print level on unit LUW4  =   2 is   5

@    Restricted, closed shell Kohn-Sham DFT calculation.
 Fock matrices are calculated directly and in parallel without use of integrals on disk.

 Initial molecular orbitals are obtained according to
 ".MOSTART EWMO  " input option

     Wave function specification
     ============================
     For the wave function of type :      >>> KS-DFT   <<<
     Number of closed shell electrons          58
     Number of electrons in active shells       0
     Total charge of the molecule               0

     Spin multiplicity and 2 M_S                1         0
     Total number of symmetries                 2
     Reference state symmetry                   1
 
     This is a DFT calculation of type: B3LYP
 Weighted mixed functional:
               HF exchange:    0.20000
                       VWN:    0.19000
                       LYP:    0.81000
                     Becke:    0.72000
                    Slater:    0.80000

     Orbital specifications
     ======================
     Abelian symmetry species          All |    1    2
                                       --- |  ---  ---
     Total number of orbitals          296 |  200   96
     Number of basis functions         296 |  200   96

      ** Automatic occupation of RKS orbitals **

      -- Initial occupation of symmetries is determined from extended Huckel guess.           
      -- Initial occupation of symmetries is :
     Occupied SCF orbitals              29 |   24    5

     Maximum number of Fock   iterations      0
     Maximum number of DIIS   iterations     60
     Maximum number of QC-SCF iterations     60
     Threshold for SCF convergence     1.00D-05
 
     This is a DFT calculation of type: B3LYP
 Weighted mixed functional:
               HF exchange:    0.20000
                       VWN:    0.19000
                       LYP:    0.81000
                     Becke:    0.72000
                    Slater:    0.80000

    INFORMATION: Switched to "new" integral transformation (from 1988 ;-) )
    because more than 255 basis functions.


 >>>>> DIIS optimization of Hartree-Fock <<<<<

 C1-DIIS algorithm; max error vectors =   10

 Automatic occupation of symmetries with  58 electrons.

 Iter     Total energy    Error norm  Delta(E)    SCF occupation
 -----------------------------------------------------------------------------
   1  Screening settings (-IFTHRS, DIFDEN)   -8    F
      K-S energy, electrons, error :    -43.300128597844  58.0000397830    3.98D-05
   1  -412.966896048       5.67D+00  -4.13D+02   24  5
      Virial theorem: -V/T =      2.002915
@      MULPOP N       0.40; C       0.70; N       0.42; C       0.65; C       0.29; C       0.23; O      -1.15; O      -1.20; H      -0.00; H      -0.01; 
@             H      -0.16; H      -0.17; 
 -----------------------------------------------------------------------------
   2  Screening settings (-IFTHRS, DIFDEN)   -8    F
      K-S energy, electrons, error :    -44.166759812441  58.0000062049    6.20D-06
   2  -404.189466527       1.31D+01   8.78D+00   23  6
      Virial theorem: -V/T =      1.972623
@      MULPOP N      -0.58; C      -2.14; N      -0.51; C      -1.64; C      -1.23; C      -1.67; O       2.91; O       3.43; H       0.34; H       0.33; 
@             H       0.37; H       0.39; 
 -----------------------------------------------------------------------------
   3  Screening settings (-IFTHRS, DIFDEN)   -8    F
      K-S energy, electrons, error :    -44.123026923924  58.0000107188    1.07D-05
   3  -414.403480554       2.55D+00  -1.02D+01   24  5
      Virial theorem: -V/T =      1.996443
@      MULPOP N       0.23; C       0.09; N       0.14; C       0.03; C       0.10; C       0.22; O      -0.60; O      -0.78; H       0.15; H       0.15; 
@             H       0.13; H       0.15; 
 -----------------------------------------------------------------------------
   4  Screening settings (-IFTHRS, DIFDEN)   -9    F
      K-S energy, electrons, error :    -43.518027835365  58.0000125118    1.25D-05
   4  -414.645666573       1.49D+00  -2.42D-01   24  5
      Virial theorem: -V/T =      2.009830
@      MULPOP N      -0.26; C       0.40; N      -0.18; C       0.38; C      -0.20; C      -0.18; O      -0.34; O      -0.15; H       0.16; H       0.12; 
@             H       0.13; H       0.13; 
 -----------------------------------------------------------------------------
   5  Screening settings (-IFTHRS, DIFDEN)   -9    F
      K-S energy, electrons, error :    -43.666537761581  58.0000119523    1.20D-05
   5  -414.746853596       5.18D-01  -1.01D-01   24  5
      Virial theorem: -V/T =      2.006504
@      MULPOP N      -0.00; C       0.12; N      -0.08; C       0.21; C      -0.34; C       0.10; O      -0.23; O      -0.36; H       0.15; H       0.17; 
@             H       0.15; H       0.12; 
 -----------------------------------------------------------------------------
   6  Screening settings (-IFTHRS, DIFDEN)   -9    F
      K-S energy, electrons, error :    -43.717176253141  58.0000119621    1.20D-05
   6  -414.759145694       2.25D-01  -1.23D-02   24  5
      Virial theorem: -V/T =      2.005418
@      MULPOP N      -0.11; C       0.22; N      -0.09; C       0.20; C      -0.15; C      -0.06; O      -0.35; O      -0.28; H       0.17; H       0.16; 
@             H       0.14; H       0.14; 
 -----------------------------------------------------------------------------
   7  Screening settings (-IFTHRS, DIFDEN)  -10    F
      K-S energy, electrons, error :    -43.707244998715  58.0000118478    1.18D-05
   7  -414.761961258       4.90D-02  -2.82D-03   24  5
      Virial theorem: -V/T =      2.005686
@      MULPOP N      -0.09; C       0.21; N      -0.10; C       0.23; C      -0.22; C      -0.01; O      -0.31; O      -0.32; H       0.16; H       0.16; 
@             H       0.14; H       0.14; 
 -----------------------------------------------------------------------------
   8  Screening settings (-IFTHRS, DIFDEN)  -11    F
      K-S energy, electrons, error :    -43.702190844788  58.0000119078    1.19D-05
   8  -414.762058463       2.30D-02  -9.72D-05   24  5
      Virial theorem: -V/T =      2.005798
@      MULPOP N      -0.08; C       0.21; N      -0.09; C       0.22; C      -0.21; C      -0.01; O      -0.32; O      -0.31; H       0.16; H       0.16; 
@             H       0.14; H       0.13; 
 -----------------------------------------------------------------------------
   9  Screening settings (-IFTHRS, DIFDEN)  -11    F
      K-S energy, electrons, error :    -43.704765572670  58.0000118914    1.19D-05
   9  -414.762081412       6.26D-03  -2.29D-05   24  5
      Virial theorem: -V/T =      2.005742
@      MULPOP N      -0.08; C       0.21; N      -0.09; C       0.23; C      -0.21; C      -0.01; O      -0.32; O      -0.32; H       0.16; H       0.16; 
@             H       0.14; H       0.13; 
 -----------------------------------------------------------------------------
  10  Screening settings (-IFTHRS, DIFDEN)  -11    F
      K-S energy, electrons, error :    -43.705329716024  58.0000118862    1.19D-05
  10  -414.762083290       2.39D-03  -1.88D-06   24  5
      Virial theorem: -V/T =      2.005730
@      MULPOP N      -0.08; C       0.21; N      -0.10; C       0.23; C      -0.21; C      -0.01; O      -0.32; O      -0.32; H       0.16; H       0.16; 
@             H       0.14; H       0.13; 
 -----------------------------------------------------------------------------
  11  Screening settings (-IFTHRS, DIFDEN)  -12    F
      K-S energy, electrons, error :    -43.705054656355  58.0000118886    1.19D-05
  11  -414.762083570       4.34D-04  -2.80D-07   24  5
      Virial theorem: -V/T =      2.005735
@      MULPOP N      -0.08; C       0.21; N      -0.09; C       0.23; C      -0.21; C      -0.01; O      -0.32; O      -0.32; H       0.16; H       0.16; 
@             H       0.14; H       0.13; 
 -----------------------------------------------------------------------------
  12  Screening settings (-IFTHRS, DIFDEN)  -12    F
      K-S energy, electrons, error :    -43.705005805846  58.0000118887    1.19D-05
  12  -414.762083576       3.17D-04  -5.93D-09   24  5
      Virial theorem: -V/T =      2.005736
@      MULPOP N      -0.08; C       0.21; N      -0.09; C       0.23; C      -0.21; C      -0.01; O      -0.32; O      -0.32; H       0.16; H       0.16; 
@             H       0.14; H       0.13; 
 -----------------------------------------------------------------------------
  13  Screening settings (-IFTHRS, DIFDEN)  -12    F
      K-S energy, electrons, error :    -43.705027149189  58.0000118888    1.19D-05
  13  -414.762083581       3.27D-05  -5.24D-09   24  5
      Virial theorem: -V/T =      2.005736
@      MULPOP N      -0.08; C       0.21; N      -0.09; C       0.23; C      -0.21; C      -0.01; O      -0.32; O      -0.32; H       0.16; H       0.16; 
@             H       0.14; H       0.13; 
 -----------------------------------------------------------------------------
  14  Screening settings (-IFTHRS, DIFDEN)  -12    F
      K-S energy, electrons, error :    -43.705031815908  58.0000118888    1.19D-05
  14  -414.762083581       1.33D-05  -4.62D-11   24  5
      Virial theorem: -V/T =      2.005736
@      MULPOP N      -0.08; C       0.21; N      -0.09; C       0.23; C      -0.21; C      -0.01; O      -0.32; O      -0.32; H       0.16; H       0.16; 
@             H       0.14; H       0.13; 
 -----------------------------------------------------------------------------
  15  Screening settings (-IFTHRS, DIFDEN)  -12    F
      K-S energy, electrons, error :    -43.705030904951  58.0000118888    1.19D-05
  15  -414.762083581       2.69D-06  -2.39D-11   24  5

 *** DIIS converged in  15 iterations !
@    Converged SCF energy, gradient:   -414.762083580921    2.69D-06
   - total time used in SIRFCK :              0.00 seconds


 *** SCF orbital energy analysis ***

 Only the five lowest virtual orbital energies printed in each symmetry.

 Number of electrons :   58
 Orbital occupations :   24    5

 Sym       Kohn-Sham orbital energies

  1    -19.11391228   -19.10725682   -14.39385076   -14.37550395   -10.33014130
       -10.29588906   -10.26126297   -10.19643253    -1.08667312    -1.05197890
        -0.98909107    -0.93499300    -0.80755785    -0.69909834    -0.67098564
        -0.60646033    -0.56782829    -0.52958733    -0.48054398    -0.45930195
        -0.43134955    -0.42612076    -0.30517734    -0.27385658     0.01148368
         0.05732835     0.06049001     0.09399265     0.13765103

  2     -0.48975659    -0.41402450    -0.37862600    -0.29586408    -0.26096673
        -0.05208226     0.00235670     0.10808587     0.23913565     0.30140182

    E(LUMO) :    -0.05208226 au (symmetry 2)
  - E(HOMO) :    -0.26096673 au (symmetry 2)
  ------------------------------------------
    gap     :     0.20888448 au

 >>> Writing SIRIFC interface file <<<

 >>>> CPU and wall time for SCF :     420.211     421.130


                       .-----------------------------------.
                       | >>> Final results from SIRIUS <<< |
                       `-----------------------------------'


@    Spin multiplicity:           1
@    Spatial symmetry:            1
@    Total charge of molecule:    0

@    Final DFT energy:           -414.762083580921                 
@    Nuclear repulsion:           357.099211771740
@    Electronic energy:          -771.861295352661

@    Final gradient norm:           0.000002685080

 
     Date and time (Linux)  : Fri Apr  5 19:01:49 2013 
     Host name              : node189                                 

 (Only coefficients >0.0100 are printed.)

 Molecular orbitals for symmetry species  1
 ------------------------------------------

    Orbital        20       21       22       23       24       25       26
   2 N   :1s     0.0770  -0.0348   0.0469   0.1252   0.0755  -0.2591   0.2240
   4 N   :1s    -0.0044   0.0019   0.0160   0.1273   0.0591  -0.7354   1.0437
   5 N   :2py    0.0762   0.1479  -0.1542   0.2361   0.0723   0.1273   0.0101
   6 N   :2pz    0.1073  -0.1943   0.0135  -0.0569  -0.0057   0.2231  -0.0852
   7 N   :2py    0.0023   0.0005   0.0103  -0.0131  -0.0016   0.0251  -0.0133
   8 N   :2pz   -0.0073   0.0133  -0.0014  -0.0038  -0.0060   0.0237  -0.0193
   9 N   :2py    0.0122   0.0145   0.0271   0.0262   0.0312   0.2652  -0.1878
  10 N   :2pz   -0.0032   0.0330  -0.0071  -0.0502  -0.0705   0.3447  -0.2390
  14 N   :3d1-  -0.0003   0.0052   0.0042   0.0108   0.0067   0.0155   0.0064
  15 N   :3d0   -0.0106  -0.0049   0.0080  -0.0036   0.0006  -0.0073   0.0350
  16 N   :3d2+  -0.0044  -0.0029   0.0042  -0.0049  -0.0010   0.0151  -0.0280
  22 C   :1s    -0.1979  -0.0997   0.0370   0.0264  -0.0564   0.0225  -0.1240
  23 C   :1s    -0.0080  -0.0043   0.0012   0.0005  -0.0011  -0.0018   0.0102
  24 C   :1s     0.0744   0.0092  -0.0372  -0.0054   0.0346  -0.0927  -0.5107
  25 C   :2py   -0.2412  -0.1656   0.1958  -0.0060  -0.0111  -0.0114   0.1081
  26 C   :2pz    0.3429   0.2594   0.0822   0.0464  -0.0948   0.0290  -0.0613
  27 C   :2py    0.0427   0.0383  -0.0199   0.0212   0.0102   0.0001  -0.0243
  28 C   :2pz   -0.0678  -0.0582  -0.0029   0.0034   0.0247   0.0087   0.0255
  29 C   :2py    0.1085   0.0871  -0.0453   0.1191   0.1048   0.2422  -0.0053
  30 C   :2pz   -0.1746  -0.1428  -0.0128   0.0526   0.1089   0.0835   0.0082
  31 C   :3d1-   0.0033   0.0094  -0.0016  -0.0121  -0.0095  -0.0114   0.0090
  32 C   :3d0   -0.0022  -0.0050   0.0018  -0.0246  -0.0082   0.0002  -0.0025
  33 C   :3d2+   0.0003  -0.0019   0.0006  -0.0140  -0.0054   0.0023  -0.0092
  34 C   :3d1-  -0.0196  -0.0006  -0.0041  -0.0196  -0.0120   0.0353  -0.0200
  35 C   :3d0    0.0108   0.0017   0.0018  -0.0376  -0.0070  -0.0024  -0.0026
  36 C   :3d2+   0.0010  -0.0010   0.0034  -0.0210  -0.0051   0.0076   0.0302
  42 N   :1s     0.0909  -0.0259  -0.0292  -0.2033   0.1054  -0.1102   0.2096
  44 N   :1s     0.0066  -0.0124  -0.0352  -0.1577   0.0637  -0.1703   1.0588
  45 N   :2py   -0.1205   0.1380  -0.1705   0.1061  -0.0661  -0.0114   0.2342
  46 N   :2pz    0.0165  -0.2088  -0.0392   0.1038   0.2986   0.0506  -0.0806
  47 N   :2py    0.0035  -0.0108   0.0175  -0.0145   0.0061   0.0088   0.0413
  49 N   :2py   -0.0109  -0.0162   0.0470  -0.0542   0.0168  -0.0407   0.4863
  50 N   :2pz   -0.0215  -0.0042  -0.0156   0.0477   0.0953   0.1735  -0.0810
  54 N   :3d1-   0.0077   0.0093   0.0062  -0.0075  -0.0129   0.0025  -0.0054
  55 N   :3d0    0.0043  -0.0051   0.0074   0.0071  -0.0021  -0.0183   0.0052
  56 N   :3d2+   0.0043  -0.0022   0.0035   0.0068  -0.0009  -0.0083  -0.0495
  62 C   :1s    -0.1235   0.1431   0.0609   0.0822  -0.0345  -0.0577  -0.0089
  64 C   :1s     0.0706   0.0085  -0.0051   0.0139   0.0610  -0.0847  -0.0600
  65 C   :2py    0.0935  -0.0794   0.4926  -0.0469   0.0964   0.0616  -0.0076
  66 C   :2pz   -0.0426   0.3220   0.2151  -0.1128  -0.0282  -0.0087   0.0078
  67 C   :2py   -0.0083  -0.0099  -0.0746   0.0087  -0.0206   0.0094  -0.0281
  68 C   :2pz    0.0099  -0.0581  -0.0545   0.0174   0.0218   0.0143  -0.0144
  69 C   :2py   -0.0125  -0.0327  -0.1667  -0.0047  -0.1825  -0.0720  -0.0370
  70 C   :2pz    0.0010  -0.1579  -0.1515   0.0667   0.0923   0.1837   0.0839
  71 C   :3d1-  -0.0058   0.0105   0.0073   0.0023  -0.0152   0.0053   0.0017
  72 C   :3d0    0.0026   0.0010   0.0050  -0.0122   0.0240   0.0030  -0.0066
  73 C   :3d2+   0.0021  -0.0005   0.0011  -0.0059   0.0125   0.0000  -0.0039
  74 C   :3d1-  -0.0087  -0.0034  -0.0163   0.0082  -0.0102   0.0007   0.0175
  75 C   :3d0    0.0070  -0.0074  -0.0066  -0.0190   0.0330   0.0119   0.0168
  76 C   :3d2+  -0.0002  -0.0023  -0.0024  -0.0113   0.0140   0.0097   0.0160
  82 C   :1s     0.0352  -0.0743   0.0365   0.0438  -0.1362  -0.0921  -0.0363
  84 C   :1s    -0.0204  -0.1002  -0.0339   0.0955  -0.3290  -0.1453  -0.4527
  85 C   :2py   -0.1982   0.1649  -0.3793   0.1387  -0.2531   0.0492   0.1242
  86 C   :2pz    0.3868  -0.3585  -0.0032   0.0310  -0.0544  -0.0750  -0.1508
  87 C   :2py    0.0229  -0.0243   0.0276  -0.0134   0.0187   0.0296   0.0234
  88 C   :2pz   -0.0426   0.0436   0.0074  -0.0079   0.0036   0.0108  -0.0415
  89 C   :2py    0.0165  -0.0419   0.0206  -0.0795  -0.0278  -0.1147   0.0575
  90 C   :2pz   -0.0558   0.1197   0.0454  -0.0690   0.0391  -0.2519  -0.5249
  91 C   :3d1-  -0.0083   0.0121  -0.0009  -0.0009   0.0032  -0.0084  -0.0016
  94 C   :3d1-  -0.0079   0.0008  -0.0186   0.0014   0.0012  -0.0269   0.0484
  95 C   :3d0    0.0011   0.0019   0.0251  -0.0031   0.0015   0.0030  -0.0198
  96 C   :3d2+   0.0039   0.0038   0.0145  -0.0049   0.0128   0.0014  -0.0134
 102 C   :1s    -0.1116   0.0930  -0.0169  -0.0683   0.0345  -0.1775  -0.2093
 104 C   :1s     0.0516   0.0742   0.0028  -0.0844   0.1568  -1.1172  -1.4333
 105 C   :2py   -0.1215  -0.0722   0.2710  -0.1365   0.0341   0.2958   0.2243
 106 C   :2pz   -0.1423   0.2494   0.1157   0.0292   0.1133  -0.0143   0.0647
 107 C   :2py    0.0197   0.0087  -0.0412   0.0179   0.0060   0.0633  -0.0033
 108 C   :2pz    0.0218  -0.0250  -0.0099  -0.0089  -0.0088   0.0031   0.0151
 109 C   :2py    0.0531   0.0332  -0.0433   0.0264   0.0700   0.5307   0.4832
 110 C   :2pz    0.0250  -0.0464  -0.0304  -0.0837  -0.0047  -0.1342   0.2180
 112 C   :3d0   -0.0002  -0.0052   0.0104  -0.0061   0.0032  -0.0096   0.0012
 114 C   :3d1-  -0.0121   0.0068  -0.0114  -0.0020  -0.0131  -0.0036   0.0035
 115 C   :3d0    0.0081  -0.0026   0.0197  -0.0078   0.0113   0.0540  -0.0497
 116 C   :3d2+   0.0017  -0.0014   0.0117   0.0015   0.0007   0.0640   0.0070
 122 O   :1s     0.3460   0.1831  -0.0247   0.0015   0.0085  -0.0114   0.0563
 124 O   :1s     0.0356   0.0146  -0.0024   0.0008   0.0009  -0.0200   0.2288
 125 O   :2py    0.2856   0.2180   0.0897   0.7183   0.2877   0.0028  -0.0114
 126 O   :2pz   -0.5197  -0.3771   0.1316   0.3785   0.2420   0.0581  -0.0164
 127 O   :2py   -0.0135  -0.0087  -0.0025  -0.0267  -0.0093   0.0010  -0.0011
 128 O   :2pz    0.0238   0.0152  -0.0053  -0.0137  -0.0080   0.0090   0.0073
 129 O   :2py   -0.0049  -0.0031  -0.0022   0.0150   0.0057  -0.0241  -0.0528
 130 O   :2pz    0.0090   0.0054  -0.0024   0.0090   0.0024   0.0001   0.0700
 134 O   :3d1-   0.0174   0.0140   0.0009   0.0095   0.0014   0.0015  -0.0085
 135 O   :3d0   -0.0149  -0.0106   0.0066   0.0132   0.0062   0.0019   0.0113
 142 O   :1s     0.0488  -0.1737  -0.2419  -0.0033   0.0065   0.0102   0.0330
 144 O   :1s     0.0061  -0.0129  -0.0199  -0.0073  -0.0198  -0.0663   0.0646
 145 O   :2py    0.0626  -0.3169  -0.1355   0.3280  -0.6864  -0.0582   0.0600
 146 O   :2pz    0.0657  -0.2523  -0.5675  -0.1061   0.4428  -0.0179  -0.0407
 147 O   :2py   -0.0028   0.0123   0.0073  -0.0133   0.0266   0.0071   0.0003
 148 O   :2pz   -0.0028   0.0101   0.0229   0.0048  -0.0118   0.0045  -0.0029
 149 O   :2py   -0.0030   0.0082  -0.0024   0.0124  -0.0118   0.0070   0.0027
 150 O   :2pz    0.0012   0.0041   0.0106  -0.0089   0.0240   0.0008  -0.0544
 154 O   :3d1-  -0.0034   0.0145   0.0133  -0.0059   0.0056  -0.0041   0.0036
 155 O   :3d0   -0.0021   0.0043   0.0192   0.0049  -0.0134   0.0011   0.0126
 161 H   :1s    -0.0922   0.1122   0.1096  -0.0224   0.0004   0.1669  -0.0510
 162 H   :1s     0.0298  -0.0030  -0.0229  -0.0378  -0.0325   0.2157  -0.2476
 163 H   :1s     0.0306  -0.0130  -0.0281  -0.0475  -0.0241   1.1756  -0.7422
 165 H   :2pz   -0.0014   0.0010   0.0026  -0.0008  -0.0003  -0.0152   0.0069
 166 H   :2py    0.0014   0.0049  -0.0053  -0.0093  -0.0062   0.0246  -0.0357
 167 H   :2pz    0.0049   0.0043   0.0012  -0.0107  -0.0065   0.0861  -0.0858
 171 H   :1s    -0.0653   0.1394  -0.2342   0.0401  -0.0336   0.0841  -0.1076
 172 H   :1s     0.0280  -0.0192   0.0268   0.0492  -0.0128  -0.0030  -0.3144
 173 H   :1s     0.0272  -0.0340   0.0455   0.0589  -0.0298   0.1751  -1.1329
 174 H   :2py    0.0010  -0.0029   0.0050   0.0002  -0.0004   0.0042  -0.0124
 176 H   :2py   -0.0059  -0.0034   0.0081  -0.0181   0.0053   0.0071   0.1277
 181 H   :1s     0.4650  -0.4793   0.2411  -0.0385   0.0252   0.1029  -0.0118
 182 H   :1s    -0.0852   0.0726  -0.0752   0.0042   0.0177  -0.0075   0.1298
 183 H   :1s    -0.1229   0.0955  -0.0884  -0.0034   0.0301   0.4237   0.8492
 186 H   :2py    0.0022  -0.0034  -0.0104   0.0022   0.0023   0.0107   0.0384
 187 H   :2pz   -0.0065   0.0067   0.0033   0.0021  -0.0082  -0.0026  -0.0582
 191 H   :1s     0.0509   0.1411  -0.3449   0.1455  -0.0587   0.0718   0.0741
 192 H   :1s     0.0010  -0.0216   0.0563  -0.0057   0.0166   0.2040   0.0926
 193 H   :1s    -0.0032  -0.0286   0.0712  -0.0031   0.0167   1.2872   1.4790
 194 H   :2py    0.0012   0.0024  -0.0069   0.0020  -0.0006  -0.0136  -0.0161
 196 H   :2py    0.0032   0.0018  -0.0044   0.0034   0.0030   0.1014   0.0560
 197 H   :2pz   -0.0001   0.0019   0.0023   0.0048   0.0019   0.0103   0.0102

 Molecular orbitals for symmetry species  2
 ------------------------------------------

    Orbital         1        2        3        4        5        6        7
   1 N   :2px    0.3990   0.3110   0.4551   0.0278  -0.5199  -0.2800  -0.2750
   2 N   :2px   -0.0149  -0.0113  -0.0176  -0.0013   0.0229   0.0205   0.0181
   3 N   :2px   -0.0180  -0.0041   0.0062   0.0045  -0.0646  -0.1290  -0.0897
   6 N   :3d2-   0.0081   0.0057  -0.0115   0.0003  -0.0071  -0.0211   0.0326
   7 N   :3d1+   0.0063   0.0013   0.0133  -0.0017   0.0059   0.0163  -0.0029
  11 C   :2px    0.4805   0.2741  -0.2969   0.0505  -0.0402  -0.1396   0.7371
  12 C   :2px   -0.0304  -0.0189   0.0222  -0.0084  -0.0031   0.0042   0.0180
  13 C   :2px   -0.0825  -0.0293   0.0218   0.0025   0.0138  -0.0271   0.1318
  14 C   :3d2-  -0.0005  -0.0030  -0.0139   0.0007   0.0135   0.0108  -0.0034
  15 C   :3d1+   0.0003  -0.0080   0.0041  -0.0208  -0.0076   0.0030   0.0109
  16 C   :3d2-  -0.0050  -0.0058  -0.0252   0.0024   0.0208   0.0236  -0.0058
  17 C   :3d1+   0.0059  -0.0143   0.0075  -0.0401  -0.0114   0.0031   0.0218
  21 N   :2px    0.3787  -0.2142  -0.2973  -0.6660  -0.0202   0.2917  -0.1352
  22 N   :2px   -0.0134   0.0079   0.0103   0.0273  -0.0005  -0.0178   0.0052
  23 N   :2px   -0.0171   0.0009   0.0016  -0.0538   0.0070   0.0866  -0.0337
  25 N   :3d1+  -0.0016  -0.0050   0.0022   0.0008   0.0003  -0.0025  -0.0119
  26 N   :3d2-  -0.0102   0.0043   0.0024   0.0054  -0.0012   0.0112  -0.0035
  27 N   :3d1+  -0.0043  -0.0149   0.0068   0.0020   0.0017  -0.0085  -0.0414
  31 C   :2px    0.2670  -0.5424  -0.0008   0.0952   0.0145  -0.4149  -0.4750
  32 C   :2px   -0.0152   0.0362   0.0021  -0.0098   0.0109  -0.0035  -0.0026
  33 C   :2px   -0.0477   0.0650   0.0019  -0.0009  -0.0362  -0.0243  -0.1416
  34 C   :3d2-   0.0025  -0.0060  -0.0055   0.0013  -0.0128   0.0157  -0.0026
  35 C   :3d1+  -0.0022  -0.0063   0.0031   0.0195  -0.0076   0.0036   0.0111
  36 C   :3d2-   0.0011  -0.0099  -0.0129   0.0038  -0.0254   0.0280  -0.0156
  37 C   :3d1+  -0.0088  -0.0075   0.0051   0.0360  -0.0129   0.0108   0.0198
  41 C   :2px    0.1547  -0.1610   0.2857   0.0205   0.5744  -0.3798   0.3085
  42 C   :2px   -0.0093   0.0082  -0.0152   0.0002  -0.0308   0.0212  -0.0358
  43 C   :2px   -0.0221   0.0175  -0.0323   0.0015   0.0257  -0.1971   0.2129
  44 C   :3d2-   0.0018  -0.0056  -0.0026   0.0007  -0.0020  -0.0127  -0.0070
  45 C   :3d1+  -0.0030  -0.0009  -0.0069   0.0008  -0.0059  -0.0125   0.0008
  46 C   :3d2-   0.0035  -0.0131  -0.0047   0.0006  -0.0010  -0.0393  -0.0248
  47 C   :3d1+  -0.0060   0.0000  -0.0141   0.0023  -0.0149  -0.0140   0.0024
  51 C   :2px    0.2232   0.0553   0.4966   0.0015   0.3263   0.6671  -0.0601
  52 C   :2px   -0.0138  -0.0044  -0.0320   0.0011  -0.0135  -0.0302   0.0079
  53 C   :2px   -0.0342  -0.0048  -0.0337  -0.0152  -0.0055   0.2618  -0.0859
  55 C   :3d1+  -0.0030  -0.0059  -0.0025  -0.0002   0.0165  -0.0030   0.0121
  56 C   :3d2-   0.0110   0.0014   0.0099  -0.0059   0.0021  -0.0152   0.0053
  57 C   :3d1+  -0.0062  -0.0123  -0.0072  -0.0004   0.0288  -0.0148   0.0278
  61 O   :2px    0.2867   0.2748  -0.4077   0.4919   0.3410   0.1153  -0.4819
  62 O   :2px   -0.0091  -0.0090   0.0134  -0.0183  -0.0116  -0.0071   0.0245
  63 O   :2px   -0.0165  -0.0093   0.0065   0.0214   0.0222   0.0310  -0.1547
  67 O   :3d1+   0.0119   0.0089  -0.0126   0.0102   0.0075   0.0006   0.0056
  71 O   :2px    0.1542  -0.5068  -0.0027   0.5016  -0.3463   0.3669   0.3247
  72 O   :2px   -0.0045   0.0159   0.0005  -0.0181   0.0112  -0.0175  -0.0169
  73 O   :2px   -0.0088   0.0176  -0.0007   0.0185  -0.0150   0.0833   0.1119
  76 O   :3d2-  -0.0041   0.0106  -0.0003  -0.0077   0.0032   0.0043  -0.0008
  77 O   :3d1+  -0.0067   0.0175   0.0003  -0.0109   0.0072  -0.0007   0.0031
  82 H   :2px    0.0109   0.0106   0.0133   0.0043  -0.0171  -0.0068  -0.0276
  86 H   :2px    0.0096  -0.0065  -0.0105  -0.0160  -0.0017   0.0215  -0.0124
  90 H   :2px    0.0027  -0.0053   0.0076   0.0021   0.0160  -0.0139   0.0130
  94 H   :2px    0.0058   0.0011   0.0114  -0.0000   0.0115   0.0330   0.0017



 >>>> Total CPU  time used in SIRIUS :    421.25 seconds
 >>>> Total wall time used in SIRIUS :    422.17 seconds

 
     Date and time (Linux)  : Fri Apr  5 19:01:49 2013 
     Host name              : node189                                 


                     .---------------------------------------.
                     | End of Wave Function Section (SIRIUS) |
                     `---------------------------------------'



        *****************************************************************
        ******** Output from **PROPE input processing for ABACUS ********
        *****************************************************************



 The following molecular properties will be calculated in this run:
 ------------------------------------------------------------------

 Default print level:        0

      Electronic excitation energies 
      Direct calculation - no two-electron integrals written or read.
      Two-electron integrals will be calculated in parallel
      Natural orbital connection is used
      for perturbation dependent basis sets.


 Changes of defaults for .EXCITA:
 --------------------------------

 Number of excitation energies:    5    5    0    0    0    0    0    0
 Print level          :    0
 Integral print level :    0
 Threshold            : 1.00E-04
 Maximum iterations   :   60
 Dipole strength

 INFO: Changed THRP threshold used in integral transformation from  1.00D-15 to integral evaluation threshold  1.00D-12

 Center of mass dipole origin  :    0.000000   -0.000000   -0.000000

 Center of mass gauge origin   :    0.000000   -0.000000   -0.000000


                 .------------------------------------------------.
                 | Starting in Static Property Section (ABACUS) - |
                 `------------------------------------------------'


 
     Date and time (Linux)  : Fri Apr  5 19:01:49 2013 
     Host name              : node189                                 
       Electrons: 58.000012( 1.19e-05): LR-DFT*5 evaluation time:      19.6 s
       Electrons: 58.000012( 1.19e-05): LR-DFT*5 evaluation time:      19.6 s
       Electrons: 58.000012( 1.19e-05): LR-DFT*5 evaluation time:      19.6 s
       Electrons: 58.000012( 1.19e-05): LR-DFT*5 evaluation time:      19.7 s
       Electrons: 58.000012( 1.19e-05): LR-DFT*5 evaluation time:      19.6 s
       Electrons: 58.000012( 1.19e-05): LR-DFT*5 evaluation time:      19.6 s
       Electrons: 58.000012( 1.19e-05): LR-DFT*5 evaluation time:      19.6 s
       Electrons: 58.000012( 1.19e-05): LR-DFT*1 evaluation time:       6.7 s
       Electrons: 58.000012( 1.19e-05): LR-DFT*1 evaluation time:       6.7 s
       Electrons: 58.000012( 1.19e-05): LR-DFT*1 evaluation time:       6.7 s
       Electrons: 58.000012( 1.19e-05): LR-DFT*5 evaluation time:      16.3 s
       Electrons: 58.000012( 1.19e-05): LR-DFT*5 evaluation time:      16.3 s
       Electrons: 58.000012( 1.19e-05): LR-DFT*5 evaluation time:      16.3 s
       Electrons: 58.000012( 1.19e-05): LR-DFT*5 evaluation time:      16.4 s
       Electrons: 58.000012( 1.19e-05): LR-DFT*5 evaluation time:      16.3 s
       Electrons: 58.000012( 1.19e-05): LR-DFT*5 evaluation time:      16.4 s
       Electrons: 58.000012( 1.19e-05): LR-DFT*1 evaluation time:       6.1 s
 >>>  Time used in EXCITA     is 13 minutes  6 seconds


   ***************************************************************************
   ************************ FINAL RESULTS from ABACUS ************************
   ***************************************************************************


 
     Date and time (Linux)  : Fri Apr  5 19:14:59 2013 
     Host name              : node189                                 


                             Molecular geometry (au)
                             -----------------------

 N          0.0000000000           -1.9229459629           -2.2154163280
 C          0.0000000000            0.7013119524           -2.3021859261
 N          0.0000000000            1.7988530210            0.0638467816
 C          0.0000000000            0.5894191664            2.4328023094
 C          0.0000000000           -2.1556313124            2.2647553745
 C          0.0000000000           -3.2829272102           -0.0099165251
 O          0.0000000000            1.8747031796           -4.2664001014
 O          0.0000000000            1.8259207564            4.3639667598
 H          0.0000000000           -2.7882736527           -3.9080701489
 H          0.0000000000            3.7071123945            0.0897561847
 H          0.0000000000           -3.2264682325            3.9944481910
 H          0.0000000000           -5.3122983849           -0.2331338302





                        Molecular wave function and energy
                        ----------------------------------

     Spin multiplicity  1     State number       1     Total charge       0

     Total energy       -414.7620835809 au (Hartrees)
                        -11286.25041204 eV
                          -1088957.6826 kJ/mol


                             Relativistic corrections
                             ------------------------

     Darwin correction:                          0.8701006312 au
     Mass-velocity correction:                  -1.0888092808 au

     Total relativistic correction:             -0.2187086497 au (0.0527%)
     Non-relativistic + relativistic energy:  -414.9807922306 au




                                  Dipole moment
                                  -------------

                 au               Debye          C m (/(10**-30)
              1.711320           4.349740          14.509172


                             Dipole moment components
                             ------------------------

                 au               Debye          C m (/(10**-30)

      y     -1.63096835        -4.14550777       -13.82792549
      z     -0.51822510        -1.31719674        -4.39369538


   Units:   1 a.u. =   2.54175 Debye 
            1 a.u. =   8.47835 (10**-30) C m (SI)




                Singlet electronic excitation energies
                --------------------------------------

               ========================================
                 Sym.   Mode   Frequency    Frequency
                ex. st.  No.      (au)         (eV)
               ----------------------------------------
                   1      1     0.192762     5.245326
                   1      2     0.219201     5.964775
                   1      3     0.243606     6.628869
                   1      4     0.260468     7.087703
                   1      5     0.279177     7.596784
               ----------------------------------------
                   2      1     0.172493     4.693775
                   2      2     0.213793     5.817591
                   2      3     0.229541     6.246130
                   2      4     0.234320     6.376166
                   2      5     0.249540     6.790319
               ========================================


                Electric transition dipole moments (in a.u.)
                --------------------------------------------

  Sym.   Mode    Frequency       Velocity/Frequency              Length
 ex. st.  No.      (au)          x       y       z         x       y       z
 ==============================================================================
   1        1     0.192762     0.0000 -0.3526 -0.9340    0.0000 -0.3557 -0.9141
   1        2     0.219201     0.0000 -0.0308  0.4784    0.0000 -0.0248  0.4888
   1        3     0.243606     0.0000 -0.7874  0.1169    0.0000 -0.7999  0.1113
   1        4     0.260468     0.0000  0.2971  0.2422    0.0000  0.2899  0.2286
   1        5     0.279177     0.0000  0.0696  1.3787    0.0000  0.0674  1.3880
 ------------------------------------------------------------------------------
   2        1     0.172493     0.0265  0.0000  0.0000    0.0114  0.0000  0.0000
   2        2     0.213793    -0.0127  0.0000  0.0000    0.0131  0.0000  0.0000
   2        3     0.229541     0.0192  0.0000  0.0000   -0.0242  0.0000  0.0000
   2        4     0.234320     0.0149  0.0000  0.0000   -0.0365  0.0000  0.0000
   2        5     0.249540    -0.0119  0.0000  0.0000   -0.0117  0.0000  0.0000
 ------------------------------------------------------------------------------


                               Oscillator strengths
                               --------------------

  Oscillator strengths are dimensionless.

  Sym.   Mode        Frequency     Oscillator-strength 
 ex. st.  No.           (eV)        velocity   length   
 -------------------------------------------------------
   1        1         5.245326        0.1281   0.1236
   1        2         5.964775        0.0336   0.0350
   1        3         6.628869        0.1029   0.1059
   1        4         7.087703        0.0255   0.0237
   1        5         7.596784        0.3547   0.3594
   2        1         4.693775        0.0001   0.0000
   2        2         5.817591        0.0000   0.0000
   2        3         6.246130        0.0001   0.0001
   2        4         6.376166        0.0000   0.0002
   2        5         6.790319        0.0000   0.0000


   Interatomic separations (in Angstrom):
   --------------------------------------

            N           C           N           C           C           C     
            ------      ------      ------      ------      ------      ------
 N     :    0.000000
 C     :    1.389456    0.000000
 N     :    2.309471    1.380200    0.000000
 C     :    2.796035    2.506347    1.407520    0.000000
 C     :    2.374000    2.850644    2.394896    1.455338    0.000000
 C     :    1.371149    2.432412    2.689446    2.422796    1.343415    0.000000
 O     :    2.283979    1.210762    2.291819    3.609721    4.061227    3.538720
 O     :    4.007178    3.577423    2.275571    1.213459    2.381853    3.558935
 H     :    1.005975    2.032762    3.210927    3.801816    3.283629    2.079356
 H     :    3.219354    2.032772    1.009900    2.063783    3.309046    3.699346
 H     :    3.357736    3.927160    3.376112    2.181836    1.076525    2.119229
 H     :    2.077798    3.365354    3.766339    3.426907    2.130160    1.080374

            O           O           H           H           H           H     
            ------      ------      ------      ------      ------      ------
 O     :    0.000000
 O     :    4.567066    0.000000
 H     :    2.474816    5.012327    0.000000
 H     :    2.500821    2.471193    4.036088    0.000000
 H     :    5.137751    2.680750    4.188257    4.210906    0.000000
 H     :    4.361147    4.492945    2.359196    4.775924    2.494617    0.000000


  Max    interatomic separation is    5.1378 Angstrom (    9.7089 Bohr)
  between atoms   11 and    7, "H     " and "O     ".

  Min HX interatomic separation is    1.0060 Angstrom (    1.9010 Bohr)

  Min YX interatomic separation is    1.2108 Angstrom (    2.2880 Bohr)


  Bond distances (Angstrom):
  --------------------------

                  atom 1     atom 2       distance
                  ------     ------       --------
  bond distance:  C          N            1.389456
  bond distance:  N          C            1.380200
  bond distance:  C          N            1.407520
  bond distance:  C          C            1.455338
  bond distance:  C          N            1.371149
  bond distance:  C          C            1.343415
  bond distance:  O          C            1.210762
  bond distance:  O          C            1.213459
  bond distance:  H          N            1.005975
  bond distance:  H          N            1.009900
  bond distance:  H          C            1.076525
  bond distance:  H          C            1.080374


  Bond angles (degrees):
  ----------------------

                  atom 1     atom 2     atom 3         angle
                  ------     ------     ------         -----
  bond angle:     C          N          C            123.553
  bond angle:     C          N          H            115.184
  bond angle:     C          N          H            121.263
  bond angle:     N          C          N            112.992
  bond angle:     N          C          O            122.747
  bond angle:     N          C          O            124.261
  bond angle:     C          N          C            128.069
  bond angle:     C          N          H            115.663
  bond angle:     C          N          H            116.268
  bond angle:     N          C          C            113.543
  bond angle:     N          C          O            120.323
  bond angle:     C          C          O            126.134
  bond angle:     C          C          C            119.866
  bond angle:     C          C          H            118.258
  bond angle:     C          C          H            121.876
  bond angle:     N          C          C            121.978
  bond angle:     N          C          H            115.382
  bond angle:     C          C          H            122.639




 CPU time statistics for ABACUS
 ------------------------------

 EXCITA     00:13:06     100 %

 TOTAL      00:13:07     100 %


 >>>> Total CPU  time used in ABACUS: 13 minutes  7 seconds
 >>>> Total wall time used in ABACUS: 13 minutes 10 seconds


                   .-------------------------------------------.
                   | End of Static Property Section (ABACUS) - |
                   `-------------------------------------------'

 >>>> Total CPU  time used in DALTON: 20 minutes  9 seconds
 >>>> Total wall time used in DALTON: 20 minutes 13 seconds

 
     Date and time (Linux)  : Fri Apr  5 19:14:59 2013 
     Host name              : node189                                 
